#
# A fatal error has been detected by the Java Runtime Environment:
#
#  EXCEPTION_ACCESS_VIOLATION (0xc0000005) at pc=0x00007ffc770a8305, pid=13876, tid=9972
#
# JRE version: Java(TM) SE Runtime Environment (21.0.7+8) (build 21.0.7+8-LTS-245)
# Java VM: Java HotSpot(TM) 64-Bit Server VM (21.0.7+8-LTS-245, mixed mode, sharing, tiered, compressed oops, compressed class ptrs, g1 gc, windows-amd64)
# Problematic frame:
# V  [jvm.dll+0x318305]
#
# No core dump will be written. Minidumps are not enabled by default on client versions of Windows
#
# If you would like to submit a bug report, please visit:
#   https://bugreport.java.com/bugreport/crash.jsp
#

---------------  S U M M A R Y ------------

Command Line: -Dclassworlds.conf=C:\Program Files\Apache\maven\apache-maven-3.9.9\bin\m2.conf -Dmaven.home=C:\Program Files\Apache\maven\apache-maven-3.9.9 -Dlibrary.jansi.path=C:\Program Files\Apache\maven\apache-maven-3.9.9\lib\jansi-native -Dmaven.multiModuleProjectDirectory=C:\tejaswi\Sample_Project\sample-project-workspace\quarkus-demo org.codehaus.plexus.classworlds.launcher.Launcher clean verify quarkus:dev

Host: Intel(R) Core(TM) i5-2320 CPU @ 3.00GHz, 4 cores, 7G,  Windows 10 , 64 bit Build 19041 (10.0.19041.5794)
Time: Fri Jun  6 12:50:04 2025 India Standard Time elapsed time: 17.929472 seconds (0d 0h 0m 17s)

---------------  T H R E A D  ---------------

Current thread (0x0000011435afc340):  WorkerThread "G1 Conc#0"      [id=9972, stack(0x0000000c8d400000,0x0000000c8d500000) (1024K)]

Stack: [0x0000000c8d400000,0x0000000c8d500000],  sp=0x0000000c8d4ff940,  free space=1022k
Native frames: (J=compiled Java code, j=interpreted, Vv=VM code, C=native code)
V  [jvm.dll+0x318305]
V  [jvm.dll+0x32f855]
V  [jvm.dll+0x335e64]
V  [jvm.dll+0x8834d7]
V  [jvm.dll+0x7ffa1b]
V  [jvm.dll+0x6c94fd]
C  [ucrtbase.dll+0x21bb2]
C  [KERNEL32.DLL+0x17374]
C  [ntdll.dll+0x4cc91]


siginfo: EXCEPTION_ACCESS_VIOLATION (0xc0000005), reading address 0x0000011c35aba6b0


Registers:
RAX=0x0000011435abe780, RBX=0x00000000836e5824, RCX=0x0000000000000014, RDX=0x0000000000000000
RSP=0x0000000c8d4ff940, RBP=0x0000000000000000, RSI=0x0000011435ae9600, RDI=0x0000000000008000
R8 =0x0000000000008000, R9 =0x00000000fffff7e6, R10=0x0000011435aa1b30, R11=0x0000000000000003
R12=0x0000000000000000, R13=0x00007ffc7794dcd0, R14=0x0000000083700000, R15=0x0000000c8d3ffb60
RIP=0x00007ffc770a8305, EFLAGS=0x0000000000010a02


Register to memory mapping:

RAX=0x0000011435abe780 points into unknown readable memory: 0x0000011435b0f2a0 | a0 f2 b0 35 14 01 00 00
RBX=0x00000000836e5824 is pointing into object: [Ljava.util.HashMap$Node; 
{0x00000000836e57e0} - klass: 'java/util/HashMap$Node'[]
 - length: 16
RCX=0x0000000000000014 is an unknown value
RDX=0x0 is null
RSP=0x0000000c8d4ff940 points into unknown readable memory: 0x0000000000000004 | 04 00 00 00 00 00 00 00
RBP=0x0 is null
RSI=0x0000011435ae9600 points into unknown readable memory: 0x0000011435afb190 | 90 b1 af 35 14 01 00 00
RDI=0x0000000000008000 is an unknown value
R8 =0x0000000000008000 is an unknown value
R9 =0x00000000fffff7e6 is pointing into object: java.util.LinkedHashMap$Entry 
{0x00000000fffff7e0} - klass: 'java/util/LinkedHashMap$Entry'
 - ---- fields (total size 5 words):
 - final 'hash' 'I' @12  819434012 (0x30d7921c)
 - final 'key' 'Ljava/lang/Object;' @16  a 'jdk/nio/zipfs/ZipFileSystem$IndexNode'{0x00000000fff19858} (0xfff19858)
 - 'value' 'Ljava/lang/Object;' @20  a 'jdk/nio/zipfs/ZipFileSystem$IndexNode'{0x00000000fff19858} (0xfff19858)
 - 'next' 'Ljava/util/HashMap$Node;' @24  null (0x00000000)
 - 'before' 'Ljava/util/LinkedHashMap$Entry;' @28  a 'java/util/LinkedHashMap$Entry'{0x00000000fffff808} (0xfffff808)
 - 'after' 'Ljava/util/LinkedHashMap$Entry;' @32  a 'java/util/LinkedHashMap$Entry'{0x00000000fffff7b8} (0xfffff7b8)
R10=0x0000011435aa1b30 points into unknown readable memory: 0x00007ffc777613c0 | c0 13 76 77 fc 7f 00 00
R11=0x0000000000000003 is an unknown value
R12=0x0 is null
R13=0x00007ffc7794dcd0 jvm.dll
R14=0x0000000083700000 is an oop: [B 
{0x0000000083700000} - klass: {type array byte}
 - length: 772070
R15=0x0000000c8d3ffb60 points into unknown readable memory: 0x00007ffc777633c0 | c0 33 76 77 fc 7f 00 00

Top of Stack: (sp=0x0000000c8d4ff940)
0x0000000c8d4ff940:   0000000000000004 00007ffc770bfa19
0x0000000c8d4ff950:   00000000836e57dc 00007ffc770bf2f7
0x0000000c8d4ff960:   0000000c8d4ff9c0 00007ffc770bf855
0x0000000c8d4ff970:   000001145208d228 0000011435ae9600
0x0000000c8d4ff980:   00000000836e5830 0000000083700000
0x0000000c8d4ff990:   000000000000000a 00007ffc770c5e64
0x0000000c8d4ff9a0:   00000114521a1da0 00000000836e57e0
0x0000000c8d4ff9b0:   0000011435ae9600 00007ffc00000001
0x0000000c8d4ff9c0:   00007ffc77762dd0 0000000000000000
0x0000000c8d4ff9d0:   0000000000000003 0000011435aa1b30
0x0000000c8d4ff9e0:   0000011435ae9600 0000000000000000
0x0000000c8d4ff9f0:   0000011435aa8e58 0000000000000000
0x0000000c8d4ffa00:   0000000000000070 0000000000000030
0x0000000c8d4ffa10:   0000011435afc340 00007ffc776134d7
0x0000000c8d4ffa20:   00000114338f3ef8 0000000000000000
0x0000000c8d4ffa30:   0000011435afd8a0 0000011435afd8a0
0x0000000c8d4ffa40:   0000000000000000 0000011435afc340
0x0000000c8d4ffa50:   0000000000000000 0000000000100000
0x0000000c8d4ffa60:   0000000000000000 00007ffc7758fa1b
0x0000000c8d4ffa70:   0000000c8d400000 00000000ffffffff
0x0000000c8d4ffa80:   0000000000000000 0000000000000000
0x0000000c8d4ffa90:   0000000000000004 0000000000001000
0x0000000c8d4ffaa0:   0000000400001000 0000000000020000
0x0000000c8d4ffab0:   0000000000000000 00007ffc775901ca
0x0000000c8d4ffac0:   0000011435afc340 0000000000000000
0x0000000c8d4ffad0:   0000dfafe0354802 0000000000000000
0x0000000c8d4ffae0:   0000000000000000 00007ffc774594fd
0x0000000c8d4ffaf0:   0000011435afc340 0000011435afc340
0x0000000c8d4ffb00:   00000000000075a3 0000000000000000
0x0000000c8d4ffb10:   0000000000000000 00007ffca7e21bb2
0x0000000c8d4ffb20:   00000114000075a3 0000011435aa9900
0x0000000c8d4ffb30:   0000000000000000 0000000000000000 

Instructions: (pc=0x00007ffc770a8305)
0x00007ffc770a8205:   05 75 35 48 8b 83 a8 00 00 00 48 39 83 a0 00 00
0x00007ffc770a8215:   00 73 10 48 8b 83 c0 00 00 00 48 39 83 b8 00 00
0x00007ffc770a8225:   00 72 7f 48 8b cb e8 10 bf 01 00 b0 01 48 8b 5c
0x00007ffc770a8235:   24 30 48 83 c4 20 5f c3 48 8b 53 30 44 8b 82 80
0x00007ffc770a8245:   00 00 00 8b 82 00 01 00 00 41 8b c8 2b c8 81 e1
0x00007ffc770a8255:   ff ff 01 00 81 f9 fe ff 01 00 72 2c 48 8b cb e8
0x00007ffc770a8265:   e7 b2 01 00 48 8b 53 30 44 8b 82 80 00 00 00 8b
0x00007ffc770a8275:   82 00 01 00 00 41 8b c8 2b c8 81 e1 ff ff 01 00
0x00007ffc770a8285:   81 f9 fe ff 01 00 73 1a 48 8b 82 80 01 00 00 4a
0x00007ffc770a8295:   89 3c c0 41 8d 40 01 25 ff ff 01 00 89 82 80 00
0x00007ffc770a82a5:   00 00 48 8b 5c 24 30 b0 01 48 83 c4 20 5f c3 cc
0x00007ffc770a82b5:   cc cc cc cc cc cc cc cc cc cc cc 48 89 6c 24 10
0x00007ffc770a82c5:   48 89 74 24 18 57 48 83 ec 20 4c 8b 51 08 48 8b
0x00007ffc770a82d5:   f1 4d 8b c8 8b ea 49 8b f8 41 8b 8a 18 02 00 00
0x00007ffc770a82e5:   49 8b 82 10 02 00 00 48 d3 e0 8b 0d 8b dc 90 00
0x00007ffc770a82f5:   4c 2b c8 49 8b 82 f8 01 00 00 49 d3 e9 45 8b c9
0x00007ffc770a8305:   4a 8b 04 c8 48 8b 40 60 4c 3b c0 72 12 32 c0 48
0x00007ffc770a8315:   8b 6c 24 38 48 8b 74 24 40 48 83 c4 20 5f c3 48
0x00007ffc770a8325:   8b 46 10 48 8d 4e 10 48 8b d7 48 89 5c 24 30 ff
0x00007ffc770a8335:   10 8b 4e 28 48 8b d7 48 2b 56 18 48 8b 46 30 48
0x00007ffc770a8345:   c1 ea 03 48 d3 ea 48 8b ca 48 c1 e9 06 4c 8d 04
0x00007ffc770a8355:   c8 0f b6 ca 49 8b 00 80 e1 3f ba 01 00 00 00 48
0x00007ffc770a8365:   d3 e2 48 8b c8 48 0b ca 48 3b c8 74 12 f0 49 0f
0x00007ffc770a8375:   b1 08 74 25 48 8b c8 48 0b ca 48 3b c8 75 ee 32
0x00007ffc770a8385:   db 48 8b 6c 24 38 0f b6 c3 48 8b 5c 24 30 48 8b
0x00007ffc770a8395:   74 24 40 48 83 c4 20 5f c3 80 3d 15 62 8a 00 00
0x00007ffc770a83a5:   b3 01 74 15 8b 57 08 8b 0d d6 4b 8a 00 48 d3 e2
0x00007ffc770a83b5:   48 03 15 c4 4b 8a 00 eb 04 48 8b 57 08 48 8b cf
0x00007ffc770a83c5:   e8 86 53 e2 ff 48 8b 8e b8 02 00 00 4c 8b d8 4c
0x00007ffc770a83d5:   8b 0c e9 49 8b 51 18 8b 8a 18 02 00 00 4c 8b 82
0x00007ffc770a83e5:   10 02 00 00 41 8b 51 60 49 d3 e0 8b 0d 8a db 90
0x00007ffc770a83f5:   00 49 2b f8 48 d3 ef 44 8b d7 49 23 d2 48 c1 e2 


Stack slot to memory mapping:

stack at sp + 0 slots: 0x0000000000000004 is an unknown value
stack at sp + 1 slots: 0x00007ffc770bfa19 jvm.dll
stack at sp + 2 slots: 0x00000000836e57dc is pointing into object: java.util.HashMap 
{0x00000000836e57b0} - klass: 'java/util/HashMap'
 - ---- fields (total size 6 words):
 - transient 'keySet' 'Ljava/util/Set;' @12  null (0x00000000)
 - transient 'values' 'Ljava/util/Collection;' @16  a 'java/util/HashMap$Values'{0x0000000088448038} (0x88448038)
 - transient 'size' 'I' @20  1 (0x00000001)
 - transient 'modCount' 'I' @24  1 (0x00000001)
 - 'threshold' 'I' @28  12 (0x0000000c)
 - final 'loadFactor' 'F' @32  0.750000 (0x3f400000)
 - transient 'table' '[Ljava/util/HashMap$Node;' @36  a 'java/util/HashMap$Node'[16] {0x00000000836e57e0} (0x836e57e0)
 - transient 'entrySet' 'Ljava/util/Set;' @40  null (0x00000000)
stack at sp + 3 slots: 0x00007ffc770bf2f7 jvm.dll
stack at sp + 4 slots: 0x0000000c8d4ff9c0 points into unknown readable memory: 0x00007ffc77762dd0 | d0 2d 76 77 fc 7f 00 00
stack at sp + 5 slots: 0x00007ffc770bf855 jvm.dll
stack at sp + 6 slots: 0x000001145208d228 is pointing into metadata
stack at sp + 7 slots: 0x0000011435ae9600 points into unknown readable memory: 0x0000011435afb190 | 90 b1 af 35 14 01 00 00


---------------  P R O C E S S  ---------------

Threads class SMR info:
_java_thread_list=0x00000114994c52b0, length=16, elements={
0x0000011435a93350, 0x0000011451b9bf00, 0x0000011451b9cfc0, 0x0000011451ba0750,
0x0000011451ba3430, 0x0000011451ba4030, 0x0000011451ba4de0, 0x0000011451bb3680,
0x0000011451bb05a0, 0x0000011497114550, 0x00000114971169a0, 0x0000011498165b90,
0x0000011497660cc0, 0x0000011498ea2e10, 0x00000114996a7c40, 0x0000011499fedd30
}

Java Threads: ( => current thread )
  0x0000011435a93350 JavaThread "main"                              [_thread_in_vm, id=9264, stack(0x0000000c8d100000,0x0000000c8d200000) (1024K)]
  0x0000011451b9bf00 JavaThread "Reference Handler"          daemon [_thread_blocked, id=5496, stack(0x0000000c8d900000,0x0000000c8da00000) (1024K)]
  0x0000011451b9cfc0 JavaThread "Finalizer"                  daemon [_thread_blocked, id=4812, stack(0x0000000c8da00000,0x0000000c8db00000) (1024K)]
  0x0000011451ba0750 JavaThread "Signal Dispatcher"          daemon [_thread_blocked, id=232, stack(0x0000000c8db00000,0x0000000c8dc00000) (1024K)]
  0x0000011451ba3430 JavaThread "Attach Listener"            daemon [_thread_blocked, id=8216, stack(0x0000000c8dc00000,0x0000000c8dd00000) (1024K)]
  0x0000011451ba4030 JavaThread "Service Thread"             daemon [_thread_blocked, id=6328, stack(0x0000000c8dd00000,0x0000000c8de00000) (1024K)]
  0x0000011451ba4de0 JavaThread "Monitor Deflation Thread"   daemon [_thread_blocked, id=8752, stack(0x0000000c8de00000,0x0000000c8df00000) (1024K)]
  0x0000011451bb3680 JavaThread "C2 CompilerThread0"         daemon [_thread_in_native, id=10504, stack(0x0000000c8df00000,0x0000000c8e000000) (1024K)]
  0x0000011451bb05a0 JavaThread "C1 CompilerThread0"         daemon [_thread_in_native, id=13588, stack(0x0000000c8e000000,0x0000000c8e100000) (1024K)]
  0x0000011497114550 JavaThread "Notification Thread"        daemon [_thread_blocked, id=2636, stack(0x0000000c8e100000,0x0000000c8e200000) (1024K)]
  0x00000114971169a0 JavaThread "Common-Cleaner"             daemon [_thread_blocked, id=14272, stack(0x0000000c8e200000,0x0000000c8e300000) (1024K)]
  0x0000011498165b90 JavaThread "Thread-1"                   daemon [_thread_blocked, id=8556, stack(0x0000000c8e700000,0x0000000c8e800000) (1024K)]
  0x0000011497660cc0 JavaThread "C2 CompilerThread1"         daemon [_thread_in_native, id=248, stack(0x0000000c8e400000,0x0000000c8e500000) (1024K)]
  0x0000011498ea2e10 JavaThread "ForkJoinPool.commonPool-worker-1" daemon [_thread_blocked, id=14124, stack(0x0000000c8e800000,0x0000000c8e900000) (1024K)]
  0x00000114996a7c40 JavaThread "ForkJoinPool.commonPool-worker-2" daemon [_thread_blocked, id=3764, stack(0x0000000c8e900000,0x0000000c8ea00000) (1024K)]
  0x0000011499fedd30 JavaThread "ForkJoinPool.commonPool-worker-3" daemon [_thread_blocked, id=11416, stack(0x0000000c8ea00000,0x0000000c8eb00000) (1024K)]
Total: 16

Other Threads:
  0x0000011451b81db0 VMThread "VM Thread"                           [id=10072, stack(0x0000000c8d800000,0x0000000c8d900000) (1024K)]
  0x0000011451b6d2d0 WatcherThread "VM Periodic Task Thread"        [id=6004, stack(0x0000000c8d700000,0x0000000c8d800000) (1024K)]
  0x0000011435ae9000 WorkerThread "GC Thread#0"                     [id=13696, stack(0x0000000c8d200000,0x0000000c8d300000) (1024K)]
  0x00000114978f9020 WorkerThread "GC Thread#1"                     [id=8356, stack(0x0000000c8e300000,0x0000000c8e400000) (1024K)]
  0x00000114978f93c0 WorkerThread "GC Thread#2"                     [id=13904, stack(0x0000000c8e500000,0x0000000c8e600000) (1024K)]
  0x00000114976a9690 WorkerThread "GC Thread#3"                     [id=1952, stack(0x0000000c8e600000,0x0000000c8e700000) (1024K)]
  0x0000011435afb190 ConcurrentGCThread "G1 Main Marker"            [id=5464, stack(0x0000000c8d300000,0x0000000c8d400000) (1024K)]
=>0x0000011435afc340 WorkerThread "G1 Conc#0"                       [id=9972, stack(0x0000000c8d400000,0x0000000c8d500000) (1024K)]
  0x0000011435b5e550 ConcurrentGCThread "G1 Refine#0"               [id=8072, stack(0x0000000c8d500000,0x0000000c8d600000) (1024K)]
  0x0000011451a260e0 ConcurrentGCThread "G1 Service"                [id=9980, stack(0x0000000c8d600000,0x0000000c8d700000) (1024K)]
Total: 10

Threads with active compile tasks:
C2 CompilerThread0    18121 9123       4       lombok.javac.JavacAST::buildStatementOrExpression (120 bytes)
C2 CompilerThread1    18122 9124       4       lombok.core.AST::buildWithField (21 bytes)
Total: 2

VM state: not at safepoint (normal execution)

VM Mutex/Monitor currently owned by a thread: None

Heap address: 0x0000000081a00000, size: 2022 MB, Compressed Oops mode: 32-bit

CDS archive(s) mapped at: [0x0000011452000000-0x0000011452c90000-0x0000011452c90000), size 13172736, SharedBaseAddress: 0x0000011452000000, ArchiveRelocationMode: 1.
Compressed class space mapped at: 0x0000011453000000-0x0000011493000000, reserved size: 1073741824
Narrow klass base: 0x0000011452000000, Narrow klass shift: 0, Narrow klass range: 0x100000000

GC Precious Log:
 CardTable entry size: 512
 Card Set container configuration: InlinePtr #cards 5 size 8 Array Of Cards #cards 12 size 40 Howl #buckets 4 coarsen threshold 1843 Howl Bitmap #cards 512 size 80 coarsen threshold 460 Card regions per heap region 1 cards per card region 2048
 CPUs: 4 total, 4 available
 Memory: 8080M
 Large Page Support: Disabled
 NUMA Support: Disabled
 Compressed Oops: Enabled (32-bit)
 Heap Region Size: 1M
 Heap Min Capacity: 8M
 Heap Initial Capacity: 128M
 Heap Max Capacity: 2022M
 Pre-touch: Disabled
 Parallel Workers: 4
 Concurrent Workers: 1
 Concurrent Refinement Workers: 4
 Periodic GC: Disabled

Heap:
 garbage-first heap   total 192512K, used 107990K [0x0000000081a00000, 0x0000000100000000)
  region size 1024K, 6 young (6144K), 2 survivors (2048K)
 Metaspace       used 34848K, committed 35456K, reserved 1114112K
  class space    used 3813K, committed 4096K, reserved 1048576K

Heap Regions: E=young(eden), S=young(survivor), O=old, HS=humongous(starts), HC=humongous(continues), CS=collection set, F=free, TAMS=top-at-mark-start, PB=parsable bottom
|   0|0x0000000081a00000, 0x0000000081b00000, 0x0000000081b00000|100%| O|  |TAMS 0x0000000081b00000| PB 0x0000000081a00000| Untracked 
|   1|0x0000000081b00000, 0x0000000081c00000, 0x0000000081c00000|100%| O|  |TAMS 0x0000000081c00000| PB 0x0000000081b00000| Untracked 
|   2|0x0000000081c00000, 0x0000000081d00000, 0x0000000081d00000|100%| O|  |TAMS 0x0000000081d00000| PB 0x0000000081c00000| Untracked 
|   3|0x0000000081d00000, 0x0000000081e00000, 0x0000000081e00000|100%| O|  |TAMS 0x0000000081e00000| PB 0x0000000081d00000| Untracked 
|   4|0x0000000081e00000, 0x0000000081f00000, 0x0000000081f00000|100%| O|  |TAMS 0x0000000081f00000| PB 0x0000000081e00000| Untracked 
|   5|0x0000000081f00000, 0x0000000082000000, 0x0000000082000000|100%| O|  |TAMS 0x0000000082000000| PB 0x0000000081f00000| Untracked 
|   6|0x0000000082000000, 0x0000000082100000, 0x0000000082100000|100%| O|  |TAMS 0x0000000082100000| PB 0x0000000082000000| Untracked 
|   7|0x0000000082100000, 0x0000000082200000, 0x0000000082200000|100%| O|  |TAMS 0x0000000082200000| PB 0x0000000082100000| Untracked 
|   8|0x0000000082200000, 0x0000000082300000, 0x0000000082300000|100%| O|  |TAMS 0x0000000082300000| PB 0x0000000082200000| Untracked 
|   9|0x0000000082300000, 0x0000000082400000, 0x0000000082400000|100%| O|  |TAMS 0x0000000082400000| PB 0x0000000082300000| Untracked 
|  10|0x0000000082400000, 0x0000000082500000, 0x0000000082500000|100%| O|  |TAMS 0x0000000082500000| PB 0x0000000082400000| Untracked 
|  11|0x0000000082500000, 0x0000000082600000, 0x0000000082600000|100%| O|  |TAMS 0x0000000082600000| PB 0x0000000082500000| Untracked 
|  12|0x0000000082600000, 0x0000000082700000, 0x0000000082700000|100%| O|  |TAMS 0x0000000082700000| PB 0x0000000082600000| Untracked 
|  13|0x0000000082700000, 0x0000000082800000, 0x0000000082800000|100%| O|  |TAMS 0x0000000082800000| PB 0x0000000082700000| Untracked 
|  14|0x0000000082800000, 0x0000000082900000, 0x0000000082900000|100%| O|  |TAMS 0x0000000082900000| PB 0x0000000082800000| Untracked 
|  15|0x0000000082900000, 0x0000000082a00000, 0x0000000082a00000|100%| O|  |TAMS 0x0000000082a00000| PB 0x0000000082900000| Untracked 
|  16|0x0000000082a00000, 0x0000000082b00000, 0x0000000082b00000|100%| O|  |TAMS 0x0000000082b00000| PB 0x0000000082a00000| Untracked 
|  17|0x0000000082b00000, 0x0000000082c00000, 0x0000000082c00000|100%| O|  |TAMS 0x0000000082c00000| PB 0x0000000082b00000| Untracked 
|  18|0x0000000082c00000, 0x0000000082d00000, 0x0000000082d00000|100%| O|  |TAMS 0x0000000082d00000| PB 0x0000000082c00000| Untracked 
|  19|0x0000000082d00000, 0x0000000082e00000, 0x0000000082e00000|100%|HS|  |TAMS 0x0000000082e00000| PB 0x0000000082d00000| Complete 
|  20|0x0000000082e00000, 0x0000000082f00000, 0x0000000082f00000|100%| O|  |TAMS 0x0000000082f00000| PB 0x0000000082e00000| Untracked 
|  21|0x0000000082f00000, 0x0000000083000000, 0x0000000083000000|100%| O|  |TAMS 0x0000000083000000| PB 0x0000000082f00000| Untracked 
|  22|0x0000000083000000, 0x0000000083100000, 0x0000000083100000|100%| O|  |TAMS 0x0000000083100000| PB 0x0000000083000000| Untracked 
|  23|0x0000000083100000, 0x0000000083200000, 0x0000000083200000|100%| O|  |TAMS 0x0000000083200000| PB 0x0000000083100000| Untracked 
|  24|0x0000000083200000, 0x0000000083300000, 0x0000000083300000|100%| O|  |TAMS 0x0000000083300000| PB 0x0000000083200000| Untracked 
|  25|0x0000000083300000, 0x0000000083400000, 0x0000000083400000|100%| O|  |TAMS 0x0000000083400000| PB 0x0000000083300000| Untracked 
|  26|0x0000000083400000, 0x0000000083500000, 0x0000000083500000|100%| O|  |TAMS 0x0000000083500000| PB 0x0000000083400000| Untracked 
|  27|0x0000000083500000, 0x0000000083600000, 0x0000000083600000|100%| O|  |TAMS 0x0000000083500000| PB 0x0000000083500000| Untracked 
|  28|0x0000000083600000, 0x0000000083700000, 0x0000000083700000|100%| O|  |TAMS 0x0000000083600000| PB 0x0000000083600000| Untracked 
|  29|0x0000000083700000, 0x0000000083800000, 0x0000000083800000|100%|HS|  |TAMS 0x0000000083800000| PB 0x0000000083700000| Complete 
|  30|0x0000000083800000, 0x0000000083900000, 0x0000000083900000|100%|HS|  |TAMS 0x0000000083900000| PB 0x0000000083800000| Complete 
|  31|0x0000000083900000, 0x0000000083a00000, 0x0000000083a00000|100%|HC|  |TAMS 0x0000000083a00000| PB 0x0000000083900000| Complete 
|  32|0x0000000083a00000, 0x0000000083b00000, 0x0000000083b00000|100%| O|  |TAMS 0x0000000083a00000| PB 0x0000000083a00000| Untracked 
|  33|0x0000000083b00000, 0x0000000083b00000, 0x0000000083c00000|  0%| F|  |TAMS 0x0000000083b00000| PB 0x0000000083b00000| Untracked 
|  34|0x0000000083c00000, 0x0000000083c00000, 0x0000000083d00000|  0%| F|  |TAMS 0x0000000083c00000| PB 0x0000000083c00000| Untracked 
|  35|0x0000000083d00000, 0x0000000083e00000, 0x0000000083e00000|100%|HS|  |TAMS 0x0000000083e00000| PB 0x0000000083d00000| Complete 
|  36|0x0000000083e00000, 0x0000000083f00000, 0x0000000083f00000|100%| O|  |TAMS 0x0000000083f00000| PB 0x0000000083e00000| Untracked 
|  37|0x0000000083f00000, 0x0000000084000000, 0x0000000084000000|100%| O|  |TAMS 0x0000000084000000| PB 0x0000000083f00000| Untracked 
|  38|0x0000000084000000, 0x0000000084100000, 0x0000000084100000|100%| O|  |TAMS 0x0000000084100000| PB 0x0000000084000000| Untracked 
|  39|0x0000000084100000, 0x0000000084200000, 0x0000000084200000|100%| O|  |TAMS 0x0000000084200000| PB 0x0000000084100000| Untracked 
|  40|0x0000000084200000, 0x0000000084300000, 0x0000000084300000|100%| O|  |TAMS 0x0000000084300000| PB 0x0000000084200000| Untracked 
|  41|0x0000000084300000, 0x0000000084400000, 0x0000000084400000|100%| O|  |TAMS 0x0000000084400000| PB 0x0000000084300000| Untracked 
|  42|0x0000000084400000, 0x0000000084500000, 0x0000000084500000|100%| O|  |TAMS 0x0000000084500000| PB 0x0000000084400000| Untracked 
|  43|0x0000000084500000, 0x0000000084600000, 0x0000000084600000|100%| O|  |TAMS 0x0000000084600000| PB 0x0000000084500000| Untracked 
|  44|0x0000000084600000, 0x0000000084700000, 0x0000000084700000|100%| O|  |TAMS 0x0000000084700000| PB 0x0000000084600000| Untracked 
|  45|0x0000000084700000, 0x0000000084800000, 0x0000000084800000|100%| O|  |TAMS 0x0000000084800000| PB 0x0000000084700000| Untracked 
|  46|0x0000000084800000, 0x0000000084900000, 0x0000000084900000|100%| O|  |TAMS 0x0000000084900000| PB 0x0000000084800000| Untracked 
|  47|0x0000000084900000, 0x0000000084a00000, 0x0000000084a00000|100%| O|  |TAMS 0x0000000084a00000| PB 0x0000000084900000| Untracked 
|  48|0x0000000084a00000, 0x0000000084b00000, 0x0000000084b00000|100%| O|  |TAMS 0x0000000084b00000| PB 0x0000000084a00000| Untracked 
|  49|0x0000000084b00000, 0x0000000084c00000, 0x0000000084c00000|100%| O|  |TAMS 0x0000000084c00000| PB 0x0000000084b00000| Untracked 
|  50|0x0000000084c00000, 0x0000000084d00000, 0x0000000084d00000|100%| O|  |TAMS 0x0000000084d00000| PB 0x0000000084c00000| Untracked 
|  51|0x0000000084d00000, 0x0000000084e00000, 0x0000000084e00000|100%| O|  |TAMS 0x0000000084e00000| PB 0x0000000084d00000| Untracked 
|  52|0x0000000084e00000, 0x0000000084f00000, 0x0000000084f00000|100%| O|  |TAMS 0x0000000084f00000| PB 0x0000000084e00000| Untracked 
|  53|0x0000000084f00000, 0x0000000085000000, 0x0000000085000000|100%|HS|  |TAMS 0x0000000085000000| PB 0x0000000084f00000| Complete 
|  54|0x0000000085000000, 0x0000000085100000, 0x0000000085100000|100%|HC|  |TAMS 0x0000000085100000| PB 0x0000000085000000| Complete 
|  55|0x0000000085100000, 0x0000000085200000, 0x0000000085200000|100%|HS|  |TAMS 0x0000000085200000| PB 0x0000000085100000| Complete 
|  56|0x0000000085200000, 0x0000000085300000, 0x0000000085300000|100%|HS|  |TAMS 0x0000000085300000| PB 0x0000000085200000| Complete 
|  57|0x0000000085300000, 0x0000000085400000, 0x0000000085400000|100%|HC|  |TAMS 0x0000000085400000| PB 0x0000000085300000| Complete 
|  58|0x0000000085400000, 0x0000000085500000, 0x0000000085500000|100%|HS|  |TAMS 0x0000000085500000| PB 0x0000000085400000| Complete 
|  59|0x0000000085500000, 0x0000000085600000, 0x0000000085600000|100%|HS|  |TAMS 0x0000000085600000| PB 0x0000000085500000| Complete 
|  60|0x0000000085600000, 0x0000000085700000, 0x0000000085700000|100%| O|  |TAMS 0x0000000085700000| PB 0x0000000085600000| Untracked 
|  61|0x0000000085700000, 0x0000000085800000, 0x0000000085800000|100%| O|  |TAMS 0x0000000085800000| PB 0x0000000085700000| Untracked 
|  62|0x0000000085800000, 0x0000000085900000, 0x0000000085900000|100%|HS|  |TAMS 0x0000000085900000| PB 0x0000000085800000| Complete 
|  63|0x0000000085900000, 0x0000000085a00000, 0x0000000085a00000|100%|HC|  |TAMS 0x0000000085a00000| PB 0x0000000085900000| Complete 
|  64|0x0000000085a00000, 0x0000000085b00000, 0x0000000085b00000|100%|HC|  |TAMS 0x0000000085b00000| PB 0x0000000085a00000| Complete 
|  65|0x0000000085b00000, 0x0000000085c00000, 0x0000000085c00000|100%| O|  |TAMS 0x0000000085c00000| PB 0x0000000085b00000| Untracked 
|  66|0x0000000085c00000, 0x0000000085d00000, 0x0000000085d00000|100%| O|  |TAMS 0x0000000085d00000| PB 0x0000000085c00000| Untracked 
|  67|0x0000000085d00000, 0x0000000085e00000, 0x0000000085e00000|100%| O|  |TAMS 0x0000000085e00000| PB 0x0000000085d00000| Untracked 
|  68|0x0000000085e00000, 0x0000000085f00000, 0x0000000085f00000|100%| O|  |TAMS 0x0000000085f00000| PB 0x0000000085e00000| Untracked 
|  69|0x0000000085f00000, 0x0000000086000000, 0x0000000086000000|100%| O|  |TAMS 0x0000000086000000| PB 0x0000000085f00000| Untracked 
|  70|0x0000000086000000, 0x0000000086100000, 0x0000000086100000|100%| O|  |TAMS 0x0000000086100000| PB 0x0000000086000000| Untracked 
|  71|0x0000000086100000, 0x0000000086200000, 0x0000000086200000|100%| O|  |TAMS 0x0000000086200000| PB 0x0000000086100000| Untracked 
|  72|0x0000000086200000, 0x0000000086300000, 0x0000000086300000|100%| O|  |TAMS 0x0000000086300000| PB 0x0000000086200000| Untracked 
|  73|0x0000000086300000, 0x0000000086400000, 0x0000000086400000|100%| O|  |TAMS 0x0000000086400000| PB 0x0000000086300000| Untracked 
|  74|0x0000000086400000, 0x0000000086500000, 0x0000000086500000|100%| O|  |TAMS 0x0000000086500000| PB 0x0000000086400000| Untracked 
|  75|0x0000000086500000, 0x0000000086600000, 0x0000000086600000|100%| O|  |TAMS 0x0000000086600000| PB 0x0000000086500000| Untracked 
|  76|0x0000000086600000, 0x0000000086700000, 0x0000000086700000|100%| O|  |TAMS 0x0000000086700000| PB 0x0000000086600000| Untracked 
|  77|0x0000000086700000, 0x0000000086800000, 0x0000000086800000|100%| O|  |TAMS 0x0000000086800000| PB 0x0000000086700000| Untracked 
|  78|0x0000000086800000, 0x0000000086900000, 0x0000000086900000|100%| O|  |TAMS 0x0000000086900000| PB 0x0000000086800000| Untracked 
|  79|0x0000000086900000, 0x0000000086a00000, 0x0000000086a00000|100%| O|  |TAMS 0x0000000086a00000| PB 0x0000000086900000| Untracked 
|  80|0x0000000086a00000, 0x0000000086b00000, 0x0000000086b00000|100%| O|  |TAMS 0x0000000086b00000| PB 0x0000000086a00000| Untracked 
|  81|0x0000000086b00000, 0x0000000086c00000, 0x0000000086c00000|100%| O|  |TAMS 0x0000000086c00000| PB 0x0000000086b00000| Untracked 
|  82|0x0000000086c00000, 0x0000000086d00000, 0x0000000086d00000|100%| O|  |TAMS 0x0000000086d00000| PB 0x0000000086c00000| Untracked 
|  83|0x0000000086d00000, 0x0000000086e00000, 0x0000000086e00000|100%| O|  |TAMS 0x0000000086e00000| PB 0x0000000086d00000| Untracked 
|  84|0x0000000086e00000, 0x0000000086f00000, 0x0000000086f00000|100%| O|  |TAMS 0x0000000086f00000| PB 0x0000000086e00000| Untracked 
|  85|0x0000000086f00000, 0x0000000087000000, 0x0000000087000000|100%| O|  |TAMS 0x0000000087000000| PB 0x0000000086f00000| Untracked 
|  86|0x0000000087000000, 0x0000000087100000, 0x0000000087100000|100%| O|  |TAMS 0x0000000087100000| PB 0x0000000087000000| Untracked 
|  87|0x0000000087100000, 0x0000000087200000, 0x0000000087200000|100%| O|  |TAMS 0x0000000087200000| PB 0x0000000087100000| Untracked 
|  88|0x0000000087200000, 0x0000000087300000, 0x0000000087300000|100%| O|  |TAMS 0x0000000087300000| PB 0x0000000087200000| Untracked 
|  89|0x0000000087300000, 0x0000000087300000, 0x0000000087400000|  0%| F|  |TAMS 0x0000000087300000| PB 0x0000000087300000| Untracked 
|  90|0x0000000087400000, 0x0000000087400000, 0x0000000087500000|  0%| F|  |TAMS 0x0000000087400000| PB 0x0000000087400000| Untracked 
|  91|0x0000000087500000, 0x0000000087500000, 0x0000000087600000|  0%| F|  |TAMS 0x0000000087500000| PB 0x0000000087500000| Untracked 
|  92|0x0000000087600000, 0x0000000087600000, 0x0000000087700000|  0%| F|  |TAMS 0x0000000087600000| PB 0x0000000087600000| Untracked 
|  93|0x0000000087700000, 0x0000000087700000, 0x0000000087800000|  0%| F|  |TAMS 0x0000000087700000| PB 0x0000000087700000| Untracked 
|  94|0x0000000087800000, 0x0000000087800000, 0x0000000087900000|  0%| F|  |TAMS 0x0000000087800000| PB 0x0000000087800000| Untracked 
|  95|0x0000000087900000, 0x0000000087a00000, 0x0000000087a00000|100%| O|  |TAMS 0x0000000087a00000| PB 0x0000000087900000| Untracked 
|  96|0x0000000087a00000, 0x0000000087a00000, 0x0000000087b00000|  0%| F|  |TAMS 0x0000000087a00000| PB 0x0000000087a00000| Untracked 
|  97|0x0000000087b00000, 0x0000000087b00000, 0x0000000087c00000|  0%| F|  |TAMS 0x0000000087b00000| PB 0x0000000087b00000| Untracked 
|  98|0x0000000087c00000, 0x0000000087c00000, 0x0000000087d00000|  0%| F|  |TAMS 0x0000000087c00000| PB 0x0000000087c00000| Untracked 
|  99|0x0000000087d00000, 0x0000000087d00000, 0x0000000087e00000|  0%| F|  |TAMS 0x0000000087d00000| PB 0x0000000087d00000| Untracked 
| 100|0x0000000087e00000, 0x0000000087e00000, 0x0000000087f00000|  0%| F|  |TAMS 0x0000000087e00000| PB 0x0000000087e00000| Untracked 
| 101|0x0000000087f00000, 0x0000000087f00000, 0x0000000088000000|  0%| F|  |TAMS 0x0000000087f00000| PB 0x0000000087f00000| Untracked 
| 102|0x0000000088000000, 0x0000000088000000, 0x0000000088100000|  0%| F|  |TAMS 0x0000000088000000| PB 0x0000000088000000| Untracked 
| 103|0x0000000088100000, 0x0000000088100000, 0x0000000088200000|  0%| F|  |TAMS 0x0000000088100000| PB 0x0000000088100000| Untracked 
| 104|0x0000000088200000, 0x0000000088200000, 0x0000000088300000|  0%| F|  |TAMS 0x0000000088200000| PB 0x0000000088200000| Untracked 
| 105|0x0000000088300000, 0x0000000088375af0, 0x0000000088400000| 45%| S|CS|TAMS 0x0000000088300000| PB 0x0000000088300000| Complete 
| 106|0x0000000088400000, 0x0000000088500000, 0x0000000088500000|100%| S|CS|TAMS 0x0000000088400000| PB 0x0000000088400000| Complete 
| 107|0x0000000088500000, 0x0000000088500000, 0x0000000088600000|  0%| F|  |TAMS 0x0000000088500000| PB 0x0000000088500000| Untracked 
| 108|0x0000000088600000, 0x0000000088600000, 0x0000000088700000|  0%| F|  |TAMS 0x0000000088600000| PB 0x0000000088600000| Untracked 
| 109|0x0000000088700000, 0x0000000088700000, 0x0000000088800000|  0%| F|  |TAMS 0x0000000088700000| PB 0x0000000088700000| Untracked 
| 110|0x0000000088800000, 0x0000000088800000, 0x0000000088900000|  0%| F|  |TAMS 0x0000000088800000| PB 0x0000000088800000| Untracked 
| 111|0x0000000088900000, 0x0000000088900000, 0x0000000088a00000|  0%| F|  |TAMS 0x0000000088900000| PB 0x0000000088900000| Untracked 
| 112|0x0000000088a00000, 0x0000000088a00000, 0x0000000088b00000|  0%| F|  |TAMS 0x0000000088a00000| PB 0x0000000088a00000| Untracked 
| 113|0x0000000088b00000, 0x0000000088b00000, 0x0000000088c00000|  0%| F|  |TAMS 0x0000000088b00000| PB 0x0000000088b00000| Untracked 
| 114|0x0000000088c00000, 0x0000000088c00000, 0x0000000088d00000|  0%| F|  |TAMS 0x0000000088c00000| PB 0x0000000088c00000| Untracked 
| 115|0x0000000088d00000, 0x0000000088d00000, 0x0000000088e00000|  0%| F|  |TAMS 0x0000000088d00000| PB 0x0000000088d00000| Untracked 
| 116|0x0000000088e00000, 0x0000000088e00000, 0x0000000088f00000|  0%| F|  |TAMS 0x0000000088e00000| PB 0x0000000088e00000| Untracked 
| 117|0x0000000088f00000, 0x0000000088f00000, 0x0000000089000000|  0%| F|  |TAMS 0x0000000088f00000| PB 0x0000000088f00000| Untracked 
| 118|0x0000000089000000, 0x0000000089000000, 0x0000000089100000|  0%| F|  |TAMS 0x0000000089000000| PB 0x0000000089000000| Untracked 
| 119|0x0000000089100000, 0x0000000089100000, 0x0000000089200000|  0%| F|  |TAMS 0x0000000089100000| PB 0x0000000089100000| Untracked 
| 120|0x0000000089200000, 0x0000000089200000, 0x0000000089300000|  0%| F|  |TAMS 0x0000000089200000| PB 0x0000000089200000| Untracked 
| 121|0x0000000089300000, 0x0000000089300000, 0x0000000089400000|  0%| F|  |TAMS 0x0000000089300000| PB 0x0000000089300000| Untracked 
| 122|0x0000000089400000, 0x0000000089400000, 0x0000000089500000|  0%| F|  |TAMS 0x0000000089400000| PB 0x0000000089400000| Untracked 
| 123|0x0000000089500000, 0x0000000089500000, 0x0000000089600000|  0%| F|  |TAMS 0x0000000089500000| PB 0x0000000089500000| Untracked 
| 124|0x0000000089600000, 0x0000000089600000, 0x0000000089700000|  0%| F|  |TAMS 0x0000000089600000| PB 0x0000000089600000| Untracked 
| 125|0x0000000089700000, 0x0000000089700000, 0x0000000089800000|  0%| F|  |TAMS 0x0000000089700000| PB 0x0000000089700000| Untracked 
| 126|0x0000000089800000, 0x0000000089800000, 0x0000000089900000|  0%| F|  |TAMS 0x0000000089800000| PB 0x0000000089800000| Untracked 
| 127|0x0000000089900000, 0x0000000089900000, 0x0000000089a00000|  0%| F|  |TAMS 0x0000000089900000| PB 0x0000000089900000| Untracked 
| 128|0x0000000089a00000, 0x0000000089a00000, 0x0000000089b00000|  0%| F|  |TAMS 0x0000000089a00000| PB 0x0000000089a00000| Untracked 
| 129|0x0000000089b00000, 0x0000000089b00000, 0x0000000089c00000|  0%| F|  |TAMS 0x0000000089b00000| PB 0x0000000089b00000| Untracked 
| 130|0x0000000089c00000, 0x0000000089c00000, 0x0000000089d00000|  0%| F|  |TAMS 0x0000000089c00000| PB 0x0000000089c00000| Untracked 
| 131|0x0000000089d00000, 0x0000000089d00000, 0x0000000089e00000|  0%| F|  |TAMS 0x0000000089d00000| PB 0x0000000089d00000| Untracked 
| 132|0x0000000089e00000, 0x0000000089e00000, 0x0000000089f00000|  0%| F|  |TAMS 0x0000000089e00000| PB 0x0000000089e00000| Untracked 
| 133|0x0000000089f00000, 0x0000000089f00000, 0x000000008a000000|  0%| F|  |TAMS 0x0000000089f00000| PB 0x0000000089f00000| Untracked 
| 134|0x000000008a000000, 0x000000008a000000, 0x000000008a100000|  0%| F|  |TAMS 0x000000008a000000| PB 0x000000008a000000| Untracked 
| 135|0x000000008a100000, 0x000000008a100000, 0x000000008a200000|  0%| F|  |TAMS 0x000000008a100000| PB 0x000000008a100000| Untracked 
| 136|0x000000008a200000, 0x000000008a200000, 0x000000008a300000|  0%| F|  |TAMS 0x000000008a200000| PB 0x000000008a200000| Untracked 
| 137|0x000000008a300000, 0x000000008a300000, 0x000000008a400000|  0%| F|  |TAMS 0x000000008a300000| PB 0x000000008a300000| Untracked 
| 138|0x000000008a400000, 0x000000008a400000, 0x000000008a500000|  0%| F|  |TAMS 0x000000008a400000| PB 0x000000008a400000| Untracked 
| 139|0x000000008a500000, 0x000000008a500000, 0x000000008a600000|  0%| F|  |TAMS 0x000000008a500000| PB 0x000000008a500000| Untracked 
| 140|0x000000008a600000, 0x000000008a600000, 0x000000008a700000|  0%| F|  |TAMS 0x000000008a600000| PB 0x000000008a600000| Untracked 
| 141|0x000000008a700000, 0x000000008a700000, 0x000000008a800000|  0%| F|  |TAMS 0x000000008a700000| PB 0x000000008a700000| Untracked 
| 142|0x000000008a800000, 0x000000008a800000, 0x000000008a900000|  0%| F|  |TAMS 0x000000008a800000| PB 0x000000008a800000| Untracked 
| 143|0x000000008a900000, 0x000000008a900000, 0x000000008aa00000|  0%| F|  |TAMS 0x000000008a900000| PB 0x000000008a900000| Untracked 
| 144|0x000000008aa00000, 0x000000008aa00000, 0x000000008ab00000|  0%| F|  |TAMS 0x000000008aa00000| PB 0x000000008aa00000| Untracked 
| 145|0x000000008ab00000, 0x000000008ab00000, 0x000000008ac00000|  0%| F|  |TAMS 0x000000008ab00000| PB 0x000000008ab00000| Untracked 
| 146|0x000000008ac00000, 0x000000008ac00000, 0x000000008ad00000|  0%| F|  |TAMS 0x000000008ac00000| PB 0x000000008ac00000| Untracked 
| 147|0x000000008ad00000, 0x000000008ad00000, 0x000000008ae00000|  0%| F|  |TAMS 0x000000008ad00000| PB 0x000000008ad00000| Untracked 
| 148|0x000000008ae00000, 0x000000008ae00000, 0x000000008af00000|  0%| F|  |TAMS 0x000000008ae00000| PB 0x000000008ae00000| Untracked 
| 149|0x000000008af00000, 0x000000008af00000, 0x000000008b000000|  0%| F|  |TAMS 0x000000008af00000| PB 0x000000008af00000| Untracked 
| 150|0x000000008b000000, 0x000000008b000000, 0x000000008b100000|  0%| F|  |TAMS 0x000000008b000000| PB 0x000000008b000000| Untracked 
| 151|0x000000008b100000, 0x000000008b100000, 0x000000008b200000|  0%| F|  |TAMS 0x000000008b100000| PB 0x000000008b100000| Untracked 
| 152|0x000000008b200000, 0x000000008b200000, 0x000000008b300000|  0%| F|  |TAMS 0x000000008b200000| PB 0x000000008b200000| Untracked 
| 153|0x000000008b300000, 0x000000008b300000, 0x000000008b400000|  0%| F|  |TAMS 0x000000008b300000| PB 0x000000008b300000| Untracked 
| 154|0x000000008b400000, 0x000000008b400000, 0x000000008b500000|  0%| F|  |TAMS 0x000000008b400000| PB 0x000000008b400000| Untracked 
| 155|0x000000008b500000, 0x000000008b500000, 0x000000008b600000|  0%| F|  |TAMS 0x000000008b500000| PB 0x000000008b500000| Untracked 
| 156|0x000000008b600000, 0x000000008b600000, 0x000000008b700000|  0%| F|  |TAMS 0x000000008b600000| PB 0x000000008b600000| Untracked 
| 157|0x000000008b700000, 0x000000008b700000, 0x000000008b800000|  0%| F|  |TAMS 0x000000008b700000| PB 0x000000008b700000| Untracked 
| 158|0x000000008b800000, 0x000000008b800000, 0x000000008b900000|  0%| F|  |TAMS 0x000000008b800000| PB 0x000000008b800000| Untracked 
| 159|0x000000008b900000, 0x000000008b900000, 0x000000008ba00000|  0%| F|  |TAMS 0x000000008b900000| PB 0x000000008b900000| Untracked 
| 160|0x000000008ba00000, 0x000000008ba00000, 0x000000008bb00000|  0%| F|  |TAMS 0x000000008ba00000| PB 0x000000008ba00000| Untracked 
| 161|0x000000008bb00000, 0x000000008bb00000, 0x000000008bc00000|  0%| F|  |TAMS 0x000000008bb00000| PB 0x000000008bb00000| Untracked 
| 162|0x000000008bc00000, 0x000000008bc00000, 0x000000008bd00000|  0%| F|  |TAMS 0x000000008bc00000| PB 0x000000008bc00000| Untracked 
| 163|0x000000008bd00000, 0x000000008bd00000, 0x000000008be00000|  0%| F|  |TAMS 0x000000008bd00000| PB 0x000000008bd00000| Untracked 
| 164|0x000000008be00000, 0x000000008be00000, 0x000000008bf00000|  0%| F|  |TAMS 0x000000008be00000| PB 0x000000008be00000| Untracked 
| 165|0x000000008bf00000, 0x000000008bf00000, 0x000000008c000000|  0%| F|  |TAMS 0x000000008bf00000| PB 0x000000008bf00000| Untracked 
| 166|0x000000008c000000, 0x000000008c000000, 0x000000008c100000|  0%| F|  |TAMS 0x000000008c000000| PB 0x000000008c000000| Untracked 
| 167|0x000000008c100000, 0x000000008c100000, 0x000000008c200000|  0%| F|  |TAMS 0x000000008c100000| PB 0x000000008c100000| Untracked 
| 168|0x000000008c200000, 0x000000008c200000, 0x000000008c300000|  0%| F|  |TAMS 0x000000008c200000| PB 0x000000008c200000| Untracked 
| 169|0x000000008c300000, 0x000000008c300000, 0x000000008c400000|  0%| F|  |TAMS 0x000000008c300000| PB 0x000000008c300000| Untracked 
| 170|0x000000008c400000, 0x000000008c400000, 0x000000008c500000|  0%| F|  |TAMS 0x000000008c400000| PB 0x000000008c400000| Untracked 
| 171|0x000000008c500000, 0x000000008c580a58, 0x000000008c600000| 50%| E|  |TAMS 0x000000008c500000| PB 0x000000008c500000| Complete 
| 172|0x000000008c600000, 0x000000008c700000, 0x000000008c700000|100%| E|CS|TAMS 0x000000008c600000| PB 0x000000008c600000| Complete 
|2007|0x00000000ff100000, 0x00000000ff200000, 0x00000000ff200000|100%| O|  |TAMS 0x00000000ff200000| PB 0x00000000ff100000| Untracked 
|2008|0x00000000ff200000, 0x00000000ff300000, 0x00000000ff300000|100%| O|  |TAMS 0x00000000ff300000| PB 0x00000000ff200000| Untracked 
|2009|0x00000000ff300000, 0x00000000ff400000, 0x00000000ff400000|100%| O|  |TAMS 0x00000000ff400000| PB 0x00000000ff300000| Untracked 
|2010|0x00000000ff400000, 0x00000000ff500000, 0x00000000ff500000|100%| O|  |TAMS 0x00000000ff500000| PB 0x00000000ff400000| Untracked 
|2011|0x00000000ff500000, 0x00000000ff600000, 0x00000000ff600000|100%| O|  |TAMS 0x00000000ff600000| PB 0x00000000ff500000| Untracked 
|2012|0x00000000ff600000, 0x00000000ff700000, 0x00000000ff700000|100%| O|  |TAMS 0x00000000ff700000| PB 0x00000000ff600000| Untracked 
|2013|0x00000000ff700000, 0x00000000ff800000, 0x00000000ff800000|100%| O|  |TAMS 0x00000000ff800000| PB 0x00000000ff700000| Untracked 
|2014|0x00000000ff800000, 0x00000000ff900000, 0x00000000ff900000|100%| O|  |TAMS 0x00000000ff900000| PB 0x00000000ff800000| Untracked 
|2015|0x00000000ff900000, 0x00000000ffa00000, 0x00000000ffa00000|100%| E|CS|TAMS 0x00000000ff900000| PB 0x00000000ff900000| Complete 
|2016|0x00000000ffa00000, 0x00000000ffb00000, 0x00000000ffb00000|100%| O|  |TAMS 0x00000000ffb00000| PB 0x00000000ffa00000| Untracked 
|2017|0x00000000ffb00000, 0x00000000ffc00000, 0x00000000ffc00000|100%| E|CS|TAMS 0x00000000ffb00000| PB 0x00000000ffb00000| Complete 
|2018|0x00000000ffc00000, 0x00000000ffd00000, 0x00000000ffd00000|100%| O|  |TAMS 0x00000000ffd00000| PB 0x00000000ffc00000| Untracked 
|2019|0x00000000ffd00000, 0x00000000ffe00000, 0x00000000ffe00000|100%| O|  |TAMS 0x00000000ffe00000| PB 0x00000000ffd00000| Untracked 
|2020|0x00000000ffe00000, 0x00000000fff00000, 0x00000000fff00000|100%| O|  |TAMS 0x00000000fff00000| PB 0x00000000ffe00000| Untracked 
|2021|0x00000000fff00000, 0x0000000100000000, 0x0000000100000000|100%| O|  |TAMS 0x0000000100000000| PB 0x00000000fff00000| Untracked 

Card table byte_map: [0x000001144d330000,0x000001144d730000] _byte_map_base: 0x000001144cf23000

Marking Bits: (CMBitMap*) 0x0000011435ae9610
 Bits: [0x000001144d730000, 0x000001144f6c8000)

Polling page: 0x00000114339f0000

Metaspace:

Usage:
  Non-class:     30.31 MB used.
      Class:      3.72 MB used.
       Both:     34.04 MB used.

Virtual space:
  Non-class space:       64.00 MB reserved,      30.62 MB ( 48%) committed,  1 nodes.
      Class space:        1.00 GB reserved,       4.00 MB ( <1%) committed,  1 nodes.
             Both:        1.06 GB reserved,      34.62 MB (  3%) committed. 

Chunk freelists:
   Non-Class:  1.36 MB
       Class:  11.82 MB
        Both:  13.18 MB

MaxMetaspaceSize: unlimited
CompressedClassSpaceSize: 1.00 GB
Initial GC threshold: 21.00 MB
Current GC threshold: 50.62 MB
CDS: on
 - commit_granule_bytes: 65536.
 - commit_granule_words: 8192.
 - virtual_space_node_default_size: 8388608.
 - enlarge_chunks_in_place: 1.
 - use_allocation_guard: 0.


Internal statistics:

num_allocs_failed_limit: 3.
num_arena_births: 646.
num_arena_deaths: 4.
num_vsnodes_births: 2.
num_vsnodes_deaths: 0.
num_space_committed: 555.
num_space_uncommitted: 1.
num_chunks_returned_to_freelist: 15.
num_chunks_taken_from_freelist: 1938.
num_chunk_merges: 2.
num_chunk_splits: 1334.
num_chunks_enlarged: 990.
num_inconsistent_stats: 0.

CodeHeap 'non-profiled nmethods': size=120000Kb used=5932Kb max_used=5932Kb free=114067Kb
 bounds [0x0000011445a00000, 0x0000011445fd0000, 0x000001144cf30000]
CodeHeap 'profiled nmethods': size=120000Kb used=17654Kb max_used=17654Kb free=102346Kb
 bounds [0x000001143df30000, 0x000001143f070000, 0x0000011445460000]
CodeHeap 'non-nmethods': size=5760Kb used=1492Kb max_used=1550Kb free=4267Kb
 bounds [0x0000011445460000, 0x00000114456d0000, 0x0000011445a00000]
 total_blobs=8840 nmethods=8271 adapters=473
 compilation: enabled
              stopped_count=0, restarted_count=0
 full_count=0

Compilation events (20 events):
Event: 17.873 Thread 0x0000011451bb05a0 nmethod 9150 0x0000011445fc9610 code [0x0000011445fc97a0, 0x0000011445fc98b0]
Event: 17.873 Thread 0x0000011451bb05a0 9152       3       com.sun.tools.javac.code.Symbol$ClassSymbol::clearAnnotationMetadata (13 bytes)
Event: 17.873 Thread 0x0000011451bb05a0 nmethod 9152 0x000001143eff2490 code [0x000001143eff2640, 0x000001143eff2840]
Event: 17.873 Thread 0x0000011451bb05a0 9151       1       com.sun.tools.javac.code.Symbol$Completer::isTerminal (2 bytes)
Event: 17.873 Thread 0x0000011451bb05a0 nmethod 9151 0x0000011445fc9910 code [0x0000011445fc9aa0, 0x0000011445fc9b68]
Event: 17.873 Thread 0x0000011451bb05a0 9153       3       com.sun.tools.javac.code.Symbol$ClassSymbol::reset (81 bytes)
Event: 17.873 Thread 0x0000011451bb05a0 nmethod 9153 0x000001143eff2910 code [0x000001143eff2b00, 0x000001143eff3240]
Event: 17.875 Thread 0x0000011497660cc0 nmethod 9133 0x0000011445fc9c10 code [0x0000011445fc9da0, 0x0000011445fc9f90]
Event: 17.875 Thread 0x0000011497660cc0 9124       4       lombok.core.AST::buildWithField (21 bytes)
Event: 17.876 Thread 0x0000011451bb05a0 9154       3       com.sun.tools.javac.tree.JCTree$JCImport::accept (6 bytes)
Event: 17.876 Thread 0x0000011451bb05a0 nmethod 9154 0x000001143eff3390 code [0x000001143eff3540, 0x000001143eff3720]
Event: 17.876 Thread 0x0000011451bb05a0 9155   !   3       com.sun.tools.javac.comp.Enter::classEnter (92 bytes)
Event: 17.877 Thread 0x0000011451bb05a0 nmethod 9155 0x000001143eff3810 code [0x000001143eff3a60, 0x000001143eff4330]
Event: 17.877 Thread 0x0000011451bb05a0 9156       3       com.sun.tools.javac.util.Pair::<init> (15 bytes)
Event: 17.877 Thread 0x0000011451bb05a0 nmethod 9156 0x000001143eff4790 code [0x000001143eff4940, 0x000001143eff4b60]
Event: 17.877 Thread 0x0000011451bb05a0 9158       3       com.sun.tools.javac.comp.Enter::visitTree (6 bytes)
Event: 17.877 Thread 0x0000011451bb05a0 nmethod 9158 0x000001143eff4c10 code [0x000001143eff4da0, 0x000001143eff4ed0]
Event: 17.878 Thread 0x0000011451bb05a0 9159   !   3       com.sun.tools.javac.jvm.ClassReader$11::read (243 bytes)
Event: 17.886 Thread 0x0000011451bb05a0 nmethod 9159 0x000001143eff4f90 code [0x000001143eff5480, 0x000001143eff7cc0]
Event: 17.886 Thread 0x0000011451bb05a0 9160       3       com.sun.tools.javac.jvm.ClassReader::readClass (663 bytes)

GC Heap History (20 events):
Event: 11.183 GC heap before
{Heap before GC invocations=13 (full 0):
 garbage-first heap   total 115712K, used 99085K [0x0000000081a00000, 0x0000000100000000)
  region size 1024K, 66 young (67584K), 8 survivors (8192K)
 Metaspace       used 23045K, committed 23488K, reserved 1114112K
  class space    used 2481K, committed 2688K, reserved 1048576K
}
Event: 11.192 GC heap after
{Heap after GC invocations=14 (full 0):
 garbage-first heap   total 115712K, used 35565K [0x0000000081a00000, 0x0000000100000000)
  region size 1024K, 3 young (3072K), 3 survivors (3072K)
 Metaspace       used 23045K, committed 23488K, reserved 1114112K
  class space    used 2481K, committed 2688K, reserved 1048576K
}
Event: 11.431 GC heap before
{Heap before GC invocations=14 (full 0):
 garbage-first heap   total 115712K, used 100077K [0x0000000081a00000, 0x0000000100000000)
  region size 1024K, 67 young (68608K), 3 survivors (3072K)
 Metaspace       used 23048K, committed 23488K, reserved 1114112K
  class space    used 2481K, committed 2688K, reserved 1048576K
}
Event: 11.435 GC heap after
{Heap after GC invocations=15 (full 0):
 garbage-first heap   total 115712K, used 35628K [0x0000000081a00000, 0x0000000100000000)
  region size 1024K, 3 young (3072K), 3 survivors (3072K)
 Metaspace       used 23048K, committed 23488K, reserved 1114112K
  class space    used 2481K, committed 2688K, reserved 1048576K
}
Event: 11.799 GC heap before
{Heap before GC invocations=15 (full 0):
 garbage-first heap   total 115712K, used 100140K [0x0000000081a00000, 0x0000000100000000)
  region size 1024K, 67 young (68608K), 3 survivors (3072K)
 Metaspace       used 23056K, committed 23488K, reserved 1114112K
  class space    used 2481K, committed 2688K, reserved 1048576K
}
Event: 11.808 GC heap after
{Heap after GC invocations=16 (full 0):
 garbage-first heap   total 139264K, used 38073K [0x0000000081a00000, 0x0000000100000000)
  region size 1024K, 5 young (5120K), 5 survivors (5120K)
 Metaspace       used 23056K, committed 23488K, reserved 1114112K
  class space    used 2481K, committed 2688K, reserved 1048576K
}
Event: 12.410 GC heap before
{Heap before GC invocations=16 (full 0):
 garbage-first heap   total 139264K, used 115897K [0x0000000081a00000, 0x0000000100000000)
  region size 1024K, 81 young (82944K), 5 survivors (5120K)
 Metaspace       used 23122K, committed 23552K, reserved 1114112K
  class space    used 2487K, committed 2688K, reserved 1048576K
}
Event: 12.415 GC heap after
{Heap after GC invocations=17 (full 0):
 garbage-first heap   total 139264K, used 37371K [0x0000000081a00000, 0x0000000100000000)
  region size 1024K, 5 young (5120K), 5 survivors (5120K)
 Metaspace       used 23122K, committed 23552K, reserved 1114112K
  class space    used 2487K, committed 2688K, reserved 1048576K
}
Event: 13.252 GC heap before
{Heap before GC invocations=17 (full 0):
 garbage-first heap   total 139264K, used 119291K [0x0000000081a00000, 0x0000000100000000)
  region size 1024K, 81 young (82944K), 5 survivors (5120K)
 Metaspace       used 23646K, committed 24128K, reserved 1114112K
  class space    used 2537K, committed 2752K, reserved 1048576K
}
Event: 13.279 GC heap after
{Heap after GC invocations=18 (full 0):
 garbage-first heap   total 150528K, used 67510K [0x0000000081a00000, 0x0000000100000000)
  region size 1024K, 11 young (11264K), 11 survivors (11264K)
 Metaspace       used 23646K, committed 24128K, reserved 1114112K
  class space    used 2537K, committed 2752K, reserved 1048576K
}
Event: 14.565 GC heap before
{Heap before GC invocations=18 (full 0):
 garbage-first heap   total 150528K, used 137142K [0x0000000081a00000, 0x0000000100000000)
  region size 1024K, 69 young (70656K), 11 survivors (11264K)
 Metaspace       used 26772K, committed 27264K, reserved 1114112K
  class space    used 2927K, committed 3136K, reserved 1048576K
}
Event: 14.585 GC heap after
{Heap after GC invocations=19 (full 0):
 garbage-first heap   total 159744K, used 84480K [0x0000000081a00000, 0x0000000100000000)
  region size 1024K, 9 young (9216K), 9 survivors (9216K)
 Metaspace       used 26772K, committed 27264K, reserved 1114112K
  class space    used 2927K, committed 3136K, reserved 1048576K
}
Event: 14.816 GC heap before
{Heap before GC invocations=19 (full 0):
 garbage-first heap   total 159744K, used 86528K [0x0000000081a00000, 0x0000000100000000)
  region size 1024K, 12 young (12288K), 9 survivors (9216K)
 Metaspace       used 30705K, committed 31168K, reserved 1114112K
  class space    used 3379K, committed 3584K, reserved 1048576K
}
Event: 14.826 GC heap after
{Heap after GC invocations=20 (full 0):
 garbage-first heap   total 159744K, used 83968K [0x0000000081a00000, 0x0000000100000000)
  region size 1024K, 2 young (2048K), 2 survivors (2048K)
 Metaspace       used 30705K, committed 31168K, reserved 1114112K
  class space    used 3379K, committed 3584K, reserved 1048576K
}
Event: 16.327 GC heap before
{Heap before GC invocations=21 (full 0):
 garbage-first heap   total 159744K, used 136192K [0x0000000081a00000, 0x0000000100000000)
  region size 1024K, 46 young (47104K), 2 survivors (2048K)
 Metaspace       used 31731K, committed 32256K, reserved 1114112K
  class space    used 3478K, committed 3712K, reserved 1048576K
}
Event: 16.340 GC heap after
{Heap after GC invocations=22 (full 0):
 garbage-first heap   total 159744K, used 105472K [0x0000000081a00000, 0x0000000100000000)
  region size 1024K, 6 young (6144K), 6 survivors (6144K)
 Metaspace       used 31731K, committed 32256K, reserved 1114112K
  class space    used 3478K, committed 3712K, reserved 1048576K
}
Event: 17.078 GC heap before
{Heap before GC invocations=22 (full 0):
 garbage-first heap   total 159744K, used 135168K [0x0000000081a00000, 0x0000000100000000)
  region size 1024K, 36 young (36864K), 6 survivors (6144K)
 Metaspace       used 33100K, committed 33600K, reserved 1114112K
  class space    used 3627K, committed 3904K, reserved 1048576K
}
Event: 17.091 GC heap after
{Heap after GC invocations=23 (full 0):
 garbage-first heap   total 159744K, used 104076K [0x0000000081a00000, 0x0000000100000000)
  region size 1024K, 4 young (4096K), 4 survivors (4096K)
 Metaspace       used 33100K, committed 33600K, reserved 1114112K
  class space    used 3627K, committed 3904K, reserved 1048576K
}
Event: 17.879 GC heap before
{Heap before GC invocations=23 (full 0):
 garbage-first heap   total 159744K, used 136844K [0x0000000081a00000, 0x0000000100000000)
  region size 1024K, 36 young (36864K), 4 survivors (4096K)
 Metaspace       used 34723K, committed 35328K, reserved 1114112K
  class space    used 3813K, committed 4096K, reserved 1048576K
}
Event: 17.886 GC heap after
{Heap after GC invocations=24 (full 0):
 garbage-first heap   total 192512K, used 104918K [0x0000000081a00000, 0x0000000100000000)
  region size 1024K, 2 young (2048K), 2 survivors (2048K)
 Metaspace       used 34723K, committed 35328K, reserved 1114112K
  class space    used 3813K, committed 4096K, reserved 1048576K
}

Dll operation events (8 events):
Event: 0.009 Loaded shared library C:\Program Files\Java\jdk-21\bin\java.dll
Event: 0.051 Loaded shared library C:\Program Files\Java\jdk-21\bin\jsvml.dll
Event: 0.076 Loaded shared library C:\Program Files\Java\jdk-21\bin\net.dll
Event: 0.078 Loaded shared library C:\Program Files\Java\jdk-21\bin\nio.dll
Event: 0.082 Loaded shared library C:\Program Files\Java\jdk-21\bin\zip.dll
Event: 0.216 Loaded shared library C:\Program Files\Java\jdk-21\bin\jimage.dll
Event: 0.217 Loaded shared library C:\Program Files\Apache\maven\apache-maven-3.9.9\lib\jansi-native\Windows\x86_64\jansi.dll
Event: 0.237 Loaded shared library C:\Program Files\Java\jdk-21\bin\verify.dll

Deoptimization events (20 events):
Event: 17.723 Thread 0x0000011435a93350 Uncommon trap: trap_request=0xffffff45 fr.pc=0x0000011445d4363c relative=0x00000000000008bc
Event: 17.723 Thread 0x0000011435a93350 Uncommon trap: reason=unstable_if action=reinterpret pc=0x0000011445d4363c method=java.util.regex.Matcher.reset()Ljava/util/regex/Matcher; @ 71 c2
Event: 17.723 Thread 0x0000011435a93350 DEOPT PACKING pc=0x0000011445d4363c sp=0x0000000c8d1fc990
Event: 17.723 Thread 0x0000011435a93350 DEOPT UNPACKING pc=0x00000114454b46a2 sp=0x0000000c8d1fc860 mode 2
Event: 17.723 Thread 0x0000011435a93350 Uncommon trap: trap_request=0xffffff45 fr.pc=0x0000011445e9c430 relative=0x0000000000000270
Event: 17.723 Thread 0x0000011435a93350 Uncommon trap: reason=unstable_if action=reinterpret pc=0x0000011445e9c430 method=java.util.regex.Matcher.match(II)Z @ 76 c2
Event: 17.723 Thread 0x0000011435a93350 DEOPT PACKING pc=0x0000011445e9c430 sp=0x0000000c8d1fc970
Event: 17.723 Thread 0x0000011435a93350 DEOPT UNPACKING pc=0x00000114454b46a2 sp=0x0000000c8d1fc8f8 mode 2
Event: 17.725 Thread 0x0000011435a93350 Uncommon trap: trap_request=0xffffff45 fr.pc=0x0000011445d5c358 relative=0x0000000000000a58
Event: 17.725 Thread 0x0000011435a93350 Uncommon trap: reason=unstable_if action=reinterpret pc=0x0000011445d5c358 method=java.util.regex.Matcher.reset()Ljava/util/regex/Matcher; @ 71 c2
Event: 17.725 Thread 0x0000011435a93350 DEOPT PACKING pc=0x0000011445d5c358 sp=0x0000000c8d1fc910
Event: 17.725 Thread 0x0000011435a93350 DEOPT UNPACKING pc=0x00000114454b46a2 sp=0x0000000c8d1fc858 mode 2
Event: 17.725 Thread 0x0000011435a93350 Uncommon trap: trap_request=0xffffff45 fr.pc=0x0000011445b6337c relative=0x000000000000023c
Event: 17.725 Thread 0x0000011435a93350 Uncommon trap: reason=unstable_if action=reinterpret pc=0x0000011445b6337c method=java.util.regex.Matcher.reset()Ljava/util/regex/Matcher; @ 71 c2
Event: 17.725 Thread 0x0000011435a93350 DEOPT PACKING pc=0x0000011445b6337c sp=0x0000000c8d1fc8d0
Event: 17.725 Thread 0x0000011435a93350 DEOPT UNPACKING pc=0x00000114454b46a2 sp=0x0000000c8d1fc860 mode 2
Event: 17.868 Thread 0x0000011435a93350 Uncommon trap: trap_request=0xffffff76 fr.pc=0x0000011445b24d24 relative=0x0000000000001484
Event: 17.868 Thread 0x0000011435a93350 Uncommon trap: reason=predicate action=maybe_recompile pc=0x0000011445b24d24 method=java.lang.StringLatin1.replace([BI[BI[BI)Ljava/lang/String; @ 180 c2
Event: 17.868 Thread 0x0000011435a93350 DEOPT PACKING pc=0x0000011445b24d24 sp=0x0000000c8d1fdb40
Event: 17.868 Thread 0x0000011435a93350 DEOPT UNPACKING pc=0x00000114454b46a2 sp=0x0000000c8d1fda00 mode 2

Classes loaded (20 events):
Event: 17.401 Loading class java/util/Collections$UnmodifiableSortedSet
Event: 17.402 Loading class java/util/Collections$UnmodifiableSortedSet done
Event: 17.414 Loading class java/util/IdentityHashMap$EntrySet
Event: 17.414 Loading class java/util/IdentityHashMap$EntrySet done
Event: 17.414 Loading class java/util/IdentityHashMap$EntryIterator
Event: 17.414 Loading class java/util/IdentityHashMap$EntryIterator done
Event: 17.414 Loading class java/util/IdentityHashMap$EntryIterator$Entry
Event: 17.414 Loading class java/util/IdentityHashMap$EntryIterator$Entry done
Event: 17.428 Loading class java/util/function/UnaryOperator
Event: 17.428 Loading class java/util/function/UnaryOperator done
Event: 17.447 Loading class java/util/regex/Pattern$Caret
Event: 17.447 Loading class java/util/regex/Pattern$Caret done
Event: 17.570 Loading class java/util/regex/Pattern$SliceI
Event: 17.571 Loading class java/util/regex/Pattern$SliceI done
Event: 17.612 Loading class java/util/regex/Pattern$Loop
Event: 17.612 Loading class java/util/regex/Pattern$Loop done
Event: 17.612 Loading class java/util/regex/Pattern$Prolog
Event: 17.612 Loading class java/util/regex/Pattern$Prolog done
Event: 17.630 Loading class java/util/regex/Pattern$LazyLoop
Event: 17.631 Loading class java/util/regex/Pattern$LazyLoop done

Classes unloaded (19 events):
Event: 14.919 Thread 0x0000011451b81db0 Unloading class 0x0000011453285338 'org/apache/commons/cli/Util'
Event: 14.919 Thread 0x0000011451b81db0 Unloading class 0x0000011453285118 'org/apache/commons/cli/CommandLine$Builder$$Lambda+0x0000011453285118'
Event: 14.919 Thread 0x0000011451b81db0 Unloading class 0x0000011453284f18 'org/apache/commons/cli/CommandLine$Builder'
Event: 14.919 Thread 0x0000011451b81db0 Unloading class 0x0000011453284c08 'org/apache/commons/cli/CommandLine'
Event: 14.919 Thread 0x0000011451b81db0 Unloading class 0x00000114532849b0 'org/apache/commons/cli/MissingOptionException'
Event: 14.919 Thread 0x0000011451b81db0 Unloading class 0x0000011453284758 'org/apache/commons/cli/UnrecognizedOptionException'
Event: 14.919 Thread 0x0000011451b81db0 Unloading class 0x0000011453284500 'org/apache/commons/cli/MissingArgumentException'
Event: 14.919 Thread 0x0000011451b81db0 Unloading class 0x0000011453284280 'org/apache/commons/cli/GnuParser'
Event: 14.919 Thread 0x0000011451b81db0 Unloading class 0x0000011453284000 'org/apache/commons/cli/Parser'
Event: 14.919 Thread 0x0000011451b81db0 Unloading class 0x0000011453283d98 'org/apache/maven/cli/CleanArgument'
Event: 14.919 Thread 0x0000011451b81db0 Unloading class 0x0000011453283ba0 'org/apache/commons/cli/OptionValidator'
Event: 14.919 Thread 0x0000011451b81db0 Unloading class 0x00000114532839a0 'org/apache/commons/cli/Option$Builder'
Event: 14.919 Thread 0x0000011451b81db0 Unloading class 0x0000011453283478 'org/apache/commons/cli/Option'
Event: 14.919 Thread 0x0000011451b81db0 Unloading class 0x00000114532831f0 'org/apache/commons/cli/Options'
Event: 14.919 Thread 0x0000011451b81db0 Unloading class 0x0000011453283000 'org/apache/commons/cli/CommandLineParser'
Event: 14.919 Thread 0x0000011451b81db0 Unloading class 0x0000011453282448 'org/apache/maven/cli/CLIManager'
Event: 14.919 Thread 0x0000011451b81db0 Unloading class 0x00000114532821f8 'org/apache/commons/cli/ParseException'
Event: 14.919 Thread 0x0000011451b81db0 Unloading class 0x0000011453282000 'io/quarkus/bootstrap/resolver/maven/options/BootstrapMavenOptionsParser'
Event: 14.919 Thread 0x0000011451b81db0 Unloading class 0x0000011453274400 'java/lang/invoke/LambdaForm$DMH+0x0000011453274400'

Classes redefined (0 events):
No events

Internal exceptions (20 events):
Event: 16.607 Thread 0x0000011435a93350 Exception <a 'sun/nio/fs/WindowsException'{0x00000000898e7700}> (0x00000000898e7700) 
thrown [s\open\src\hotspot\share\prims\jni.cpp, line 520]
Event: 17.548 Thread 0x0000011435a93350 Implicit null exception at 0x0000011445ea06bd to 0x0000011445ea0ac6
Event: 17.606 Thread 0x0000011435a93350 Exception <a 'java/lang/NoSuchMethodError'{0x000000008959a530}: 'void java.lang.invoke.DirectMethodHandle$Holder.invokeInterface(java.lang.Object, java.lang.Object, java.lang.Object, int)'> (0x000000008959a530) 
thrown [s\open\src\hotspot\share\interpreter\linkResolver.cpp, line 773]
Event: 17.606 Thread 0x0000011435a93350 Exception <a 'java/lang/NoSuchMethodError'{0x00000000895a1ad0}: 'void java.lang.invoke.DelegatingMethodHandle$Holder.reinvoke_L(java.lang.Object, java.lang.Object, java.lang.Object, int)'> (0x00000000895a1ad0) 
thrown [s\open\src\hotspot\share\interpreter\linkResolver.cpp, line 773]
Event: 17.609 Thread 0x0000011435a93350 Exception <a 'java/lang/NoSuchMethodError'{0x00000000895cc3f8}: 'java.lang.Object java.lang.invoke.DirectMethodHandle$Holder.invokeVirtual(java.lang.Object, java.lang.Object, java.lang.Object, java.lang.Object)'> (0x00000000895cc3f8) 
thrown [s\open\src\hotspot\share\interpreter\linkResolver.cpp, line 773]
Event: 17.610 Thread 0x0000011435a93350 Exception <a 'java/lang/NoSuchMethodError'{0x00000000895d6278}: 'java.lang.Object java.lang.invoke.DirectMethodHandle$Holder.invokeVirtual(java.lang.Object, java.lang.Object, long, java.lang.Object)'> (0x00000000895d6278) 
thrown [s\open\src\hotspot\share\interpreter\linkResolver.cpp, line 773]
Event: 17.610 Thread 0x0000011435a93350 Exception <a 'java/lang/NoSuchMethodError'{0x00000000895d9fc0}: 'java.lang.Object java.lang.invoke.DirectMethodHandle$Holder.invokeSpecial(java.lang.Object, java.lang.Object, java.lang.Object, long, java.lang.Object)'> (0x00000000895d9fc0) 
thrown [s\open\src\hotspot\share\interpreter\linkResolver.cpp, line 773]
Event: 17.610 Thread 0x0000011435a93350 Exception <a 'java/lang/NoSuchMethodError'{0x00000000895ddc90}: 'java.lang.Object java.lang.invoke.DelegatingMethodHandle$Holder.reinvoke_L(java.lang.Object, java.lang.Object, long, java.lang.Object)'> (0x00000000895ddc90) 
thrown [s\open\src\hotspot\share\interpreter\linkResolver.cpp, line 773]
Event: 17.614 Thread 0x0000011435a93350 Exception <a 'java/lang/NoSuchMethodError'{0x00000000895f54e0}: 'java.lang.Object java.lang.invoke.DirectMethodHandle$Holder.invokeVirtual(java.lang.Object, java.lang.Object, java.lang.Object, java.lang.Object, java.lang.Object, java.lang.Object, java.lang.Object, java.lang.Object, java.lang.Object, java.lang.Object)'> (0x00000000895f54e0) 
thrown [s\open\src\hotspot\share\interpreter\linkResolver.cpp, line 773]
Event: 17.652 Thread 0x0000011435a93350 Exception <a 'java/lang/NoSuchMethodError'{0x000000008938f5b8}: 'java.lang.Object java.lang.invoke.DirectMethodHandle$Holder.invokeVirtual(java.lang.Object, java.lang.Object, java.lang.Object, java.lang.Object, java.lang.Object, java.lang.Object)'> (0x000000008938f5b8) 
thrown [s\open\src\hotspot\share\interpreter\linkResolver.cpp, line 773]
Event: 17.673 Thread 0x0000011435a93350 Exception <a 'java/lang/NoSuchMethodError'{0x000000008927da90}: 'java.lang.Object java.lang.invoke.DirectMethodHandle$Holder.invokeVirtual(java.lang.Object, java.lang.Object, java.lang.Object, java.lang.Object, java.lang.Object)'> (0x000000008927da90) 
thrown [s\open\src\hotspot\share\interpreter\linkResolver.cpp, line 773]
Event: 17.676 Thread 0x0000011435a93350 Exception <a 'java/lang/NoSuchMethodError'{0x00000000892b1ba8}: 'java.lang.Object java.lang.invoke.DirectMethodHandle$Holder.invokeVirtual(java.lang.Object, java.lang.Object, long)'> (0x00000000892b1ba8) 
thrown [s\open\src\hotspot\share\interpreter\linkResolver.cpp, line 773]
Event: 17.677 Thread 0x0000011435a93350 Implicit null exception at 0x0000011445fa50f7 to 0x0000011445fa5368
Event: 17.729 Thread 0x0000011435a93350 Exception <a 'sun/nio/fs/WindowsException'{0x0000000089098ed0}> (0x0000000089098ed0) 
thrown [s\open\src\hotspot\share\prims\jni.cpp, line 520]
Event: 17.729 Thread 0x0000011435a93350 Exception <a 'sun/nio/fs/WindowsException'{0x000000008909c628}> (0x000000008909c628) 
thrown [s\open\src\hotspot\share\prims\jni.cpp, line 520]
Event: 17.730 Thread 0x0000011435a93350 Exception <a 'sun/nio/fs/WindowsException'{0x00000000890a2558}> (0x00000000890a2558) 
thrown [s\open\src\hotspot\share\prims\jni.cpp, line 520]
Event: 17.730 Thread 0x0000011435a93350 Exception <a 'sun/nio/fs/WindowsException'{0x00000000890a3220}> (0x00000000890a3220) 
thrown [s\open\src\hotspot\share\prims\jni.cpp, line 520]
Event: 17.875 Thread 0x0000011435a93350 Exception <a 'sun/nio/fs/WindowsException'{0x00000000889c5d60}> (0x00000000889c5d60) 
thrown [s\open\src\hotspot\share\prims\jni.cpp, line 520]
Event: 17.875 Thread 0x0000011435a93350 Exception <a 'sun/nio/fs/WindowsException'{0x00000000889c6758}> (0x00000000889c6758) 
thrown [s\open\src\hotspot\share\prims\jni.cpp, line 520]
Event: 17.875 Thread 0x0000011435a93350 Exception <a 'sun/nio/fs/WindowsException'{0x00000000889c7228}> (0x00000000889c7228) 
thrown [s\open\src\hotspot\share\prims\jni.cpp, line 520]

ZGC Phase Switch (0 events):
No events

VM Operations (20 events):
Event: 16.100 Executing VM operation: Cleanup
Event: 16.101 Executing VM operation: Cleanup done
Event: 16.243 Executing VM operation: HandshakeAllThreads (Deoptimize)
Event: 16.243 Executing VM operation: HandshakeAllThreads (Deoptimize) done
Event: 16.244 Executing VM operation: HandshakeAllThreads (Deoptimize)
Event: 16.244 Executing VM operation: HandshakeAllThreads (Deoptimize) done
Event: 16.307 Executing VM operation: HandshakeAllThreads (Deoptimize)
Event: 16.307 Executing VM operation: HandshakeAllThreads (Deoptimize) done
Event: 16.327 Executing VM operation: G1CollectForAllocation (G1 Evacuation Pause)
Event: 16.340 Executing VM operation: G1CollectForAllocation (G1 Evacuation Pause) done
Event: 16.566 Executing VM operation: ICBufferFull
Event: 16.566 Executing VM operation: ICBufferFull done
Event: 16.590 Executing VM operation: HandshakeAllThreads (Deoptimize)
Event: 16.590 Executing VM operation: HandshakeAllThreads (Deoptimize) done
Event: 17.078 Executing VM operation: G1CollectForAllocation (G1 Evacuation Pause)
Event: 17.091 Executing VM operation: G1CollectForAllocation (G1 Evacuation Pause) done
Event: 17.805 Executing VM operation: ICBufferFull
Event: 17.806 Executing VM operation: ICBufferFull done
Event: 17.879 Executing VM operation: G1CollectForAllocation (G1 Evacuation Pause)
Event: 17.890 Executing VM operation: G1CollectForAllocation (G1 Evacuation Pause) done

Events (20 events):
Event: 14.931 Thread 0x0000011451b81db0 flushing nmethod 0x000001143e8cb210
Event: 14.931 Thread 0x0000011451b81db0 flushing nmethod 0x000001143e8cb910
Event: 14.931 Thread 0x0000011451b81db0 flushing nmethod 0x000001143e8ff990
Event: 14.931 Thread 0x0000011451b81db0 flushing nmethod 0x000001143e900210
Event: 14.931 Thread 0x0000011451b81db0 flushing nmethod 0x000001143e900f90
Event: 14.931 Thread 0x0000011451b81db0 flushing nmethod 0x000001143e901710
Event: 14.931 Thread 0x0000011451b81db0 flushing nmethod 0x000001143e902210
Event: 14.931 Thread 0x0000011451b81db0 flushing nmethod 0x000001143e920110
Event: 14.931 Thread 0x0000011451b81db0 flushing nmethod 0x000001143e962090
Event: 14.931 Thread 0x0000011451b81db0 flushing nmethod 0x000001143e9c3710
Event: 14.931 Thread 0x0000011451b81db0 flushing nmethod 0x000001143ea34e10
Event: 14.931 Thread 0x0000011451b81db0 flushing nmethod 0x000001143ea35410
Event: 14.931 Thread 0x0000011451b81db0 flushing nmethod 0x000001143ea35890
Event: 14.931 Thread 0x0000011451b81db0 flushing nmethod 0x000001143ea47510
Event: 14.931 Thread 0x0000011451b81db0 flushing nmethod 0x000001143ea55f90
Event: 14.931 Thread 0x0000011451b81db0 flushing nmethod 0x000001143ea86e90
Event: 14.931 Thread 0x0000011451b81db0 flushing nmethod 0x000001143eb0df10
Event: 14.931 Thread 0x0000011451b81db0 flushing nmethod 0x000001143eb4a390
Event: 14.931 Thread 0x0000011451b81db0 flushing nmethod 0x000001143eb4aa90
Event: 14.931 Thread 0x0000011451b81db0 flushing nmethod 0x000001143ebb5810


Dynamic libraries:
0x00007ff6476a0000 - 0x00007ff6476b0000 	C:\Program Files\Java\jdk-21\bin\java.exe
0x00007ffcaa1d0000 - 0x00007ffcaa3c8000 	C:\Windows\SYSTEM32\ntdll.dll
0x00007ffc89460000 - 0x00007ffc8947b000 	C:\Program Files\Avast Software\Avast\aswhook.dll
0x00007ffca84f0000 - 0x00007ffca85b2000 	C:\Windows\System32\KERNEL32.DLL
0x00007ffca79b0000 - 0x00007ffca7ca6000 	C:\Windows\System32\KERNELBASE.dll
0x00007ffca7e00000 - 0x00007ffca7f00000 	C:\Windows\System32\ucrtbase.dll
0x00007ffca47a0000 - 0x00007ffca47b9000 	C:\Program Files\Java\jdk-21\bin\jli.dll
0x00007ffca4780000 - 0x00007ffca479b000 	C:\Program Files\Java\jdk-21\bin\VCRUNTIME140.dll
0x00007ffca9cf0000 - 0x00007ffca9d9f000 	C:\Windows\System32\ADVAPI32.dll
0x00007ffca86e0000 - 0x00007ffca877e000 	C:\Windows\System32\msvcrt.dll
0x00007ffcaa020000 - 0x00007ffcaa0bf000 	C:\Windows\System32\sechost.dll
0x00007ffca83b0000 - 0x00007ffca84d3000 	C:\Windows\System32\RPCRT4.dll
0x00007ffca7870000 - 0x00007ffca7897000 	C:\Windows\System32\bcrypt.dll
0x00007ffca9e80000 - 0x00007ffcaa01d000 	C:\Windows\System32\USER32.dll
0x00007ffca7f00000 - 0x00007ffca7f22000 	C:\Windows\System32\win32u.dll
0x00007ffc91a70000 - 0x00007ffc91d0a000 	C:\Windows\WinSxS\amd64_microsoft.windows.common-controls_6595b64144ccf1df_6.0.19041.5794_none_60bcd33171f2783c\COMCTL32.dll
0x00007ffca8620000 - 0x00007ffca864b000 	C:\Windows\System32\GDI32.dll
0x00007ffca80e0000 - 0x00007ffca81fa000 	C:\Windows\System32\gdi32full.dll
0x00007ffca7d60000 - 0x00007ffca7dfd000 	C:\Windows\System32\msvcp_win.dll
0x00007ffca0920000 - 0x00007ffca092a000 	C:\Windows\SYSTEM32\VERSION.dll
0x00007ffca8d40000 - 0x00007ffca8d6f000 	C:\Windows\System32\IMM32.DLL
0x00007ffca4c40000 - 0x00007ffca4c4c000 	C:\Program Files\Java\jdk-21\bin\vcruntime140_1.dll
0x00007ffc93760000 - 0x00007ffc937ee000 	C:\Program Files\Java\jdk-21\bin\msvcp140.dll
0x00007ffc76d90000 - 0x00007ffc77aaa000 	C:\Program Files\Java\jdk-21\bin\server\jvm.dll
0x00007ffcaa120000 - 0x00007ffcaa18b000 	C:\Windows\System32\WS2_32.dll
0x00007ffca76d0000 - 0x00007ffca771b000 	C:\Windows\SYSTEM32\POWRPROF.dll
0x00007ffc91e50000 - 0x00007ffc91e77000 	C:\Windows\SYSTEM32\WINMM.dll
0x00007ffca76b0000 - 0x00007ffca76c2000 	C:\Windows\SYSTEM32\UMPDC.dll
0x00007ffca56d0000 - 0x00007ffca56e2000 	C:\Windows\SYSTEM32\kernel.appcore.dll
0x00007ffca4770000 - 0x00007ffca477a000 	C:\Program Files\Java\jdk-21\bin\jimage.dll
0x00007ffc9fdf0000 - 0x00007ffc9fff1000 	C:\Windows\SYSTEM32\DBGHELP.DLL
0x00007ffc9fc50000 - 0x00007ffc9fc84000 	C:\Windows\SYSTEM32\dbgcore.DLL
0x00007ffca7920000 - 0x00007ffca79a2000 	C:\Windows\System32\bcryptPrimitives.dll
0x00007ffca4750000 - 0x00007ffca476f000 	C:\Program Files\Java\jdk-21\bin\java.dll
0x00007ffca8f80000 - 0x00007ffca96ee000 	C:\Windows\System32\SHELL32.dll
0x00007ffca58d0000 - 0x00007ffca6073000 	C:\Windows\SYSTEM32\windows.storage.dll
0x00007ffca8830000 - 0x00007ffca8b83000 	C:\Windows\System32\combase.dll
0x00007ffca70f0000 - 0x00007ffca711b000 	C:\Windows\SYSTEM32\Wldp.dll
0x00007ffca9db0000 - 0x00007ffca9e7d000 	C:\Windows\System32\OLEAUT32.dll
0x00007ffca8c90000 - 0x00007ffca8d3d000 	C:\Windows\System32\SHCORE.dll
0x00007ffcaa0c0000 - 0x00007ffcaa115000 	C:\Windows\System32\shlwapi.dll
0x00007ffca77a0000 - 0x00007ffca77c5000 	C:\Windows\SYSTEM32\profapi.dll
0x00007ffc93550000 - 0x00007ffc93627000 	C:\Program Files\Java\jdk-21\bin\jsvml.dll
0x00007ffca4740000 - 0x00007ffca4750000 	C:\Program Files\Java\jdk-21\bin\net.dll
0x00007ffca16c0000 - 0x00007ffca17ca000 	C:\Windows\SYSTEM32\WINHTTP.dll
0x00007ffca6ed0000 - 0x00007ffca6f3c000 	C:\Windows\system32\mswsock.dll
0x00007ffca4720000 - 0x00007ffca4736000 	C:\Program Files\Java\jdk-21\bin\nio.dll
0x00007ffca3370000 - 0x00007ffca3388000 	C:\Program Files\Java\jdk-21\bin\zip.dll
0x00007ffca2700000 - 0x00007ffca2724000 	C:\Program Files\Apache\maven\apache-maven-3.9.9\lib\jansi-native\Windows\x86_64\jansi.dll
0x00007ffca4710000 - 0x00007ffca4720000 	C:\Program Files\Java\jdk-21\bin\verify.dll
0x00007ffca6a60000 - 0x00007ffca6a93000 	C:\Windows\SYSTEM32\ntmarta.dll
0x00007ffca7460000 - 0x00007ffca7478000 	C:\Windows\SYSTEM32\CRYPTSP.dll
0x00007ffca6810000 - 0x00007ffca6848000 	C:\Windows\system32\rsaenh.dll
0x00007ffca7760000 - 0x00007ffca778e000 	C:\Windows\SYSTEM32\USERENV.dll
0x00007ffca7060000 - 0x00007ffca706c000 	C:\Windows\SYSTEM32\CRYPTBASE.dll
0x00007ffca6bd0000 - 0x00007ffca6c0b000 	C:\Windows\SYSTEM32\IPHLPAPI.DLL
0x00007ffca9da0000 - 0x00007ffca9da8000 	C:\Windows\System32\NSI.dll
0x00007ffc8fce0000 - 0x00007ffc8fcf7000 	C:\Windows\system32\napinsp.dll
0x00007ffc908a0000 - 0x00007ffc908bb000 	C:\Windows\system32\pnrpnsp.dll
0x00007ffc908e0000 - 0x00007ffc908fd000 	C:\Windows\system32\wshbth.dll
0x00007ffca3fe0000 - 0x00007ffca3ffd000 	C:\Windows\system32\NLAapi.dll
0x00007ffca6c10000 - 0x00007ffca6cda000 	C:\Windows\SYSTEM32\DNSAPI.dll
0x00007ffc90940000 - 0x00007ffc90952000 	C:\Windows\System32\winrnr.dll
0x00007ffc9b710000 - 0x00007ffc9b71a000 	C:\Windows\System32\rasadhlp.dll
0x00007ffca1290000 - 0x00007ffca1310000 	C:\Windows\System32\fwpuclnt.dll

dbghelp: loaded successfully - version: 4.0.5 - missing functions: none
symbol engine: initialized successfully - sym options: 0x614 - pdb path: .;C:\Program Files\Java\jdk-21\bin;C:\Windows\SYSTEM32;C:\Program Files\Avast Software\Avast;C:\Windows\WinSxS\amd64_microsoft.windows.common-controls_6595b64144ccf1df_6.0.19041.5794_none_60bcd33171f2783c;C:\Program Files\Java\jdk-21\bin\server;C:\Program Files\Apache\maven\apache-maven-3.9.9\lib\jansi-native\Windows\x86_64

VM Arguments:
jvm_args: -Dclassworlds.conf=C:\Program Files\Apache\maven\apache-maven-3.9.9\bin\m2.conf -Dmaven.home=C:\Program Files\Apache\maven\apache-maven-3.9.9 -Dlibrary.jansi.path=C:\Program Files\Apache\maven\apache-maven-3.9.9\lib\jansi-native -Dmaven.multiModuleProjectDirectory=C:\tejaswi\Sample_Project\sample-project-workspace\quarkus-demo 
java_command: org.codehaus.plexus.classworlds.launcher.Launcher clean verify quarkus:dev
java_class_path (initial): C:\Program Files\Apache\maven\apache-maven-3.9.9\boot\plexus-classworlds-2.8.0.jar
Launcher Type: SUN_STANDARD

[Global flags]
     intx CICompilerCount                          = 3                                         {product} {ergonomic}
     uint ConcGCThreads                            = 1                                         {product} {ergonomic}
     uint G1ConcRefinementThreads                  = 4                                         {product} {ergonomic}
   size_t G1HeapRegionSize                         = 1048576                                   {product} {ergonomic}
    uintx GCDrainStackTargetSize                   = 64                                        {product} {ergonomic}
   size_t InitialHeapSize                          = 134217728                                 {product} {ergonomic}
   size_t MarkStackSize                            = 4194304                                   {product} {ergonomic}
   size_t MaxHeapSize                              = 2120220672                                {product} {ergonomic}
   size_t MaxNewSize                               = 1271922688                                {product} {ergonomic}
   size_t MinHeapDeltaBytes                        = 1048576                                   {product} {ergonomic}
   size_t MinHeapSize                              = 8388608                                   {product} {ergonomic}
    uintx NonNMethodCodeHeapSize                   = 5832780                                {pd product} {ergonomic}
    uintx NonProfiledCodeHeapSize                  = 122912730                              {pd product} {ergonomic}
    uintx ProfiledCodeHeapSize                     = 122912730                              {pd product} {ergonomic}
    uintx ReservedCodeCacheSize                    = 251658240                              {pd product} {ergonomic}
     bool SegmentedCodeCache                       = true                                      {product} {ergonomic}
   size_t SoftMaxHeapSize                          = 2120220672                             {manageable} {ergonomic}
     bool UseCompressedOops                        = true                           {product lp64_product} {ergonomic}
     bool UseG1GC                                  = true                                      {product} {ergonomic}
     bool UseLargePagesIndividualAllocation        = false                                  {pd product} {ergonomic}

Logging:
Log output configuration:
 #0: stdout all=warning uptime,level,tags foldmultilines=false
 #1: stderr all=off uptime,level,tags foldmultilines=false

Environment Variables:
JAVA_HOME=C:\Program Files\Java\jdk-21
PATH=C:/artcode/sts-4.30.0.RELEASE//plugins/org.eclipse.justj.openjdk.hotspot.jre.full.win32.x86_64_23.0.2.v20250131-0604/jre/bin/server;C:/artcode/sts-4.30.0.RELEASE//plugins/org.eclipse.justj.openjdk.hotspot.jre.full.win32.x86_64_23.0.2.v20250131-0604/jre/bin;C:\Python312\Scripts\;C:\Python312\;C:\Program Files\Common Files\Oracle\Java\javapath;C:\Program Files (x86)\Common Files\Oracle\Java\java8path;C:\Program Files (x86)\Common Files\Oracle\Java\javapath;C:\Windows\system32;C:\Windows;C:\Windows\System32\Wbem;C:\Windows\System32\WindowsPowerShell\v1.0\;C:\Windows\System32\OpenSSH\;C:\Program Files\Java\jdk-21\bin;C:\ProgramData\chocolatey\bin;C:\Program Files\nodejs\;C:\Program Files\Apache\maven\apache-maven-3.9.9\bin;C:\Program Files\Git\cmd;C:\Program Files\TortoiseGit\bin;C:\Program Files\Docker\Docker\resources\bin;C:\Users\Admin\AppData\Local\Microsoft\WindowsApps;C:\Users\Admin\AppData\Local\Programs\Microsoft VS Code\bin;C:\Users\Admin\AppData\Roaming\npm;C:\artcode\sts-4.30.0.RELEASE;
USERNAME=Admin
TERM=xterm
OS=Windows_NT
PROCESSOR_IDENTIFIER=Intel64 Family 6 Model 42 Stepping 7, GenuineIntel
TMP=C:\Users\Admin\AppData\Local\Temp
TEMP=C:\Users\Admin\AppData\Local\Temp




Periodic native trim disabled

---------------  S Y S T E M  ---------------

OS:
 Windows 10 , 64 bit Build 19041 (10.0.19041.5794)
OS uptime: 0 days 1:07 hours
Hyper-V role detected

CPU: total 4 (initial active 4) (4 cores per cpu, 1 threads per core) family 6 model 42 stepping 7 microcode 0x2f, cx8, cmov, fxsr, mmx, sse, sse2, sse3, ssse3, sse4.1, sse4.2, popcnt, tsc, tscinvbit, avx, aes, clmul, vzeroupper, clflush, hv, rdtscp
Processor Information for all 4 processors :
  Max Mhz: 3001, Current Mhz: 3001, Mhz Limit: 3001

Memory: 4k page, system-wide physical 8080M (1365M free)
TotalPageFile size 14992M (AvailPageFile size 4911M)
current process WorkingSet (physical memory assigned to process): 355M, peak: 358M
current process commit charge ("private bytes"): 416M, peak: 418M

vm_info: Java HotSpot(TM) 64-Bit Server VM (21.0.7+8-LTS-245) for windows-amd64 JRE (21.0.7+8-LTS-245), built on 2025-02-21T05:11:27Z by "mach5one" with MS VC++ 17.6 (VS2022)

END.
